INFO 2025-06-06 11:41:44,819 cardiovascular_predictor 28064 17332 Modelo no encontrado, usando sistema de reglas médicas
INFO 2025-06-06 11:41:45,959 cardiovascular_predictor 21272 28120 Modelo no encontrado, usando sistema de reglas médicas
INFO 2025-06-06 11:41:50,404 cardiovascular_predictor 28972 19180 Modelo no encontrado, usando sistema de reglas médicas
INFO 2025-06-06 11:41:51,479 cardiovascular_predictor 19476 27444 Modelo no encontrado, usando sistema de reglas médicas
INFO 2025-06-06 11:42:26,085 cardiovascular_predictor 29868 17732 Modelo no encontrado, usando sistema de reglas médicas
INFO 2025-06-06 11:42:27,471 cardiovascular_predictor 27204 27996 Modelo no encontrado, usando sistema de reglas médicas
INFO 2025-06-06 11:42:32,774 cardiovascular_predictor 30124 30284 Modelo no encontrado, usando sistema de reglas médicas
INFO 2025-06-06 11:43:41,078 cardiovascular_predictor 21652 24628 Modelo no encontrado, usando sistema de reglas médicas
INFO 2025-06-06 11:43:45,905 cardiovascular_predictor 28132 26628 Modelo no encontrado, usando sistema de reglas médicas
INFO 2025-06-06 11:43:51,193 cardiovascular_predictor 27692 19184 Modelo no encontrado, usando sistema de reglas médicas
INFO 2025-06-06 12:17:11,839 autoreload 23892 14564 Watching for file changes with StatReloader
INFO 2025-06-06 12:18:57,460 autoreload 25156 12988 Watching for file changes with StatReloader
INFO 2025-06-06 12:31:10,763 autoreload 29976 22432 Watching for file changes with StatReloader
ERROR 2025-06-06 12:31:33,821 log 29976 14564 Internal Server Error: /api/medical-data/
Traceback (most recent call last):
  File "C:\Users\CHUNGA\Desktop\cardiovascular_system\env\Lib\site-packages\django\urls\base.py", line 81, in reverse
    extra, resolver = resolver.namespace_dict[ns]
                      ~~~~~~~~~~~~~~~~~~~~~~~^^^^
KeyError: 'djdt'

During handling of the above exception, another exception occurred:

Traceback (most recent call last):
  File "C:\Users\CHUNGA\Desktop\cardiovascular_system\env\Lib\site-packages\django\core\handlers\exception.py", line 55, in inner
    response = get_response(request)
               ^^^^^^^^^^^^^^^^^^^^^
  File "C:\Users\CHUNGA\Desktop\cardiovascular_system\env\Lib\site-packages\debug_toolbar\middleware.py", line 130, in __call__
    return self._postprocess(request, response, toolbar)
           ^^^^^^^^^^^^^^^^^^^^^^^^^^^^^^^^^^^^^^^^^^^^^
  File "C:\Users\CHUNGA\Desktop\cardiovascular_system\env\Lib\site-packages\debug_toolbar\middleware.py", line 172, in _postprocess
    rendered = toolbar.render_toolbar()
               ^^^^^^^^^^^^^^^^^^^^^^^^
  File "C:\Users\CHUNGA\Desktop\cardiovascular_system\env\Lib\site-packages\debug_toolbar\toolbar.py", line 96, in render_toolbar
    return render_to_string("debug_toolbar/base.html", context)
           ^^^^^^^^^^^^^^^^^^^^^^^^^^^^^^^^^^^^^^^^^^^^^^^^^^^^
  File "C:\Users\CHUNGA\Desktop\cardiovascular_system\env\Lib\site-packages\django\template\loader.py", line 62, in render_to_string
    return template.render(context, request)
           ^^^^^^^^^^^^^^^^^^^^^^^^^^^^^^^^^
  File "C:\Users\CHUNGA\Desktop\cardiovascular_system\env\Lib\site-packages\django\template\backends\django.py", line 107, in render
    return self.template.render(context)
           ^^^^^^^^^^^^^^^^^^^^^^^^^^^^^
  File "C:\Users\CHUNGA\Desktop\cardiovascular_system\env\Lib\site-packages\django\template\base.py", line 171, in render
    return self._render(context)
           ^^^^^^^^^^^^^^^^^^^^^
  File "C:\Users\CHUNGA\Desktop\cardiovascular_system\env\Lib\site-packages\django\test\utils.py", line 114, in instrumented_test_render
    return self.nodelist.render(context)
           ^^^^^^^^^^^^^^^^^^^^^^^^^^^^^
  File "C:\Users\CHUNGA\Desktop\cardiovascular_system\env\Lib\site-packages\django\template\base.py", line 1016, in render
    return SafeString("".join([node.render_annotated(context) for node in self]))
                               ^^^^^^^^^^^^^^^^^^^^^^^^^^^^^^
  File "C:\Users\CHUNGA\Desktop\cardiovascular_system\env\Lib\site-packages\django\template\base.py", line 977, in render_annotated
    return self.render(context)
           ^^^^^^^^^^^^^^^^^^^^
  File "C:\Users\CHUNGA\Desktop\cardiovascular_system\env\Lib\site-packages\django\template\defaulttags.py", line 327, in render
    return nodelist.render(context)
           ^^^^^^^^^^^^^^^^^^^^^^^^
  File "C:\Users\CHUNGA\Desktop\cardiovascular_system\env\Lib\site-packages\django\template\base.py", line 1016, in render
    return SafeString("".join([node.render_annotated(context) for node in self]))
                               ^^^^^^^^^^^^^^^^^^^^^^^^^^^^^^
  File "C:\Users\CHUNGA\Desktop\cardiovascular_system\env\Lib\site-packages\django\template\base.py", line 977, in render_annotated
    return self.render(context)
           ^^^^^^^^^^^^^^^^^^^^
  File "C:\Users\CHUNGA\Desktop\cardiovascular_system\env\Lib\site-packages\django\template\defaulttags.py", line 480, in render
    url = reverse(view_name, args=args, kwargs=kwargs, current_app=current_app)
          ^^^^^^^^^^^^^^^^^^^^^^^^^^^^^^^^^^^^^^^^^^^^^^^^^^^^^^^^^^^^^^^^^^^^^
  File "C:\Users\CHUNGA\Desktop\cardiovascular_system\env\Lib\site-packages\django\urls\base.py", line 92, in reverse
    raise NoReverseMatch("%s is not a registered namespace" % key)
django.urls.exceptions.NoReverseMatch: 'djdt' is not a registered namespace
ERROR 2025-06-06 12:31:33,823 basehttp 29976 14564 "GET /api/medical-data/ HTTP/1.1" 500 146063
ERROR 2025-06-06 12:31:33,969 log 29976 14564 Internal Server Error: /favicon.ico
Traceback (most recent call last):
  File "C:\Users\CHUNGA\Desktop\cardiovascular_system\env\Lib\site-packages\django\urls\base.py", line 81, in reverse
    extra, resolver = resolver.namespace_dict[ns]
                      ~~~~~~~~~~~~~~~~~~~~~~~^^^^
KeyError: 'djdt'

During handling of the above exception, another exception occurred:

Traceback (most recent call last):
  File "C:\Users\CHUNGA\Desktop\cardiovascular_system\env\Lib\site-packages\django\core\handlers\exception.py", line 55, in inner
    response = get_response(request)
               ^^^^^^^^^^^^^^^^^^^^^
  File "C:\Users\CHUNGA\Desktop\cardiovascular_system\env\Lib\site-packages\debug_toolbar\middleware.py", line 130, in __call__
    return self._postprocess(request, response, toolbar)
           ^^^^^^^^^^^^^^^^^^^^^^^^^^^^^^^^^^^^^^^^^^^^^
  File "C:\Users\CHUNGA\Desktop\cardiovascular_system\env\Lib\site-packages\debug_toolbar\middleware.py", line 172, in _postprocess
    rendered = toolbar.render_toolbar()
               ^^^^^^^^^^^^^^^^^^^^^^^^
  File "C:\Users\CHUNGA\Desktop\cardiovascular_system\env\Lib\site-packages\debug_toolbar\toolbar.py", line 96, in render_toolbar
    return render_to_string("debug_toolbar/base.html", context)
           ^^^^^^^^^^^^^^^^^^^^^^^^^^^^^^^^^^^^^^^^^^^^^^^^^^^^
  File "C:\Users\CHUNGA\Desktop\cardiovascular_system\env\Lib\site-packages\django\template\loader.py", line 62, in render_to_string
    return template.render(context, request)
           ^^^^^^^^^^^^^^^^^^^^^^^^^^^^^^^^^
  File "C:\Users\CHUNGA\Desktop\cardiovascular_system\env\Lib\site-packages\django\template\backends\django.py", line 107, in render
    return self.template.render(context)
           ^^^^^^^^^^^^^^^^^^^^^^^^^^^^^
  File "C:\Users\CHUNGA\Desktop\cardiovascular_system\env\Lib\site-packages\django\template\base.py", line 171, in render
    return self._render(context)
           ^^^^^^^^^^^^^^^^^^^^^
  File "C:\Users\CHUNGA\Desktop\cardiovascular_system\env\Lib\site-packages\django\test\utils.py", line 114, in instrumented_test_render
    return self.nodelist.render(context)
           ^^^^^^^^^^^^^^^^^^^^^^^^^^^^^
  File "C:\Users\CHUNGA\Desktop\cardiovascular_system\env\Lib\site-packages\django\template\base.py", line 1016, in render
    return SafeString("".join([node.render_annotated(context) for node in self]))
                               ^^^^^^^^^^^^^^^^^^^^^^^^^^^^^^
  File "C:\Users\CHUNGA\Desktop\cardiovascular_system\env\Lib\site-packages\django\template\base.py", line 977, in render_annotated
    return self.render(context)
           ^^^^^^^^^^^^^^^^^^^^
  File "C:\Users\CHUNGA\Desktop\cardiovascular_system\env\Lib\site-packages\django\template\defaulttags.py", line 327, in render
    return nodelist.render(context)
           ^^^^^^^^^^^^^^^^^^^^^^^^
  File "C:\Users\CHUNGA\Desktop\cardiovascular_system\env\Lib\site-packages\django\template\base.py", line 1016, in render
    return SafeString("".join([node.render_annotated(context) for node in self]))
                               ^^^^^^^^^^^^^^^^^^^^^^^^^^^^^^
  File "C:\Users\CHUNGA\Desktop\cardiovascular_system\env\Lib\site-packages\django\template\base.py", line 977, in render_annotated
    return self.render(context)
           ^^^^^^^^^^^^^^^^^^^^
  File "C:\Users\CHUNGA\Desktop\cardiovascular_system\env\Lib\site-packages\django\template\defaulttags.py", line 480, in render
    url = reverse(view_name, args=args, kwargs=kwargs, current_app=current_app)
          ^^^^^^^^^^^^^^^^^^^^^^^^^^^^^^^^^^^^^^^^^^^^^^^^^^^^^^^^^^^^^^^^^^^^^
  File "C:\Users\CHUNGA\Desktop\cardiovascular_system\env\Lib\site-packages\django\urls\base.py", line 92, in reverse
    raise NoReverseMatch("%s is not a registered namespace" % key)
django.urls.exceptions.NoReverseMatch: 'djdt' is not a registered namespace
ERROR 2025-06-06 12:31:33,970 basehttp 29976 14564 "GET /favicon.ico HTTP/1.1" 500 145898
INFO 2025-06-06 12:32:42,384 autoreload 29976 22432 C:\Users\CHUNGA\Desktop\cardiovascular_system\config\settings\development.py changed, reloading.
INFO 2025-06-06 12:32:43,082 autoreload 29336 25512 Watching for file changes with StatReloader
WARNING 2025-06-06 12:32:44,900 log 29336 11036 Not Found: /ap+
WARNING 2025-06-06 12:32:44,901 basehttp 29336 11036 "GET /ap+ HTTP/1.1" 404 3147
WARNING 2025-06-06 12:32:50,813 log 29336 11036 Not Found: /api
WARNING 2025-06-06 12:32:50,814 basehttp 29336 11036 "GET /api HTTP/1.1" 404 3147
INFO 2025-06-06 12:32:55,179 basehttp 29336 11036 "GET /admin HTTP/1.1" 301 0
INFO 2025-06-06 12:32:55,195 basehttp 29336 4224 "GET /admin/ HTTP/1.1" 302 0
INFO 2025-06-06 12:32:55,212 basehttp 29336 4224 "GET /admin/login/?next=/admin/ HTTP/1.1" 200 4226
INFO 2025-06-06 12:32:55,350 basehttp 29336 16652 "GET /static/admin/css/dark_mode.css HTTP/1.1" 200 2808
INFO 2025-06-06 12:32:55,352 basehttp 29336 16652 "GET /static/admin/css/responsive.css HTTP/1.1" 200 16565
INFO 2025-06-06 12:32:55,354 basehttp 29336 6584 "GET /static/admin/js/theme.js HTTP/1.1" 200 1653
INFO 2025-06-06 12:32:55,355 basehttp 29336 4224 "GET /static/admin/css/base.css HTTP/1.1" 200 22120
INFO 2025-06-06 12:32:55,356 basehttp 29336 17880 "GET /static/admin/css/nav_sidebar.css HTTP/1.1" 200 2810
INFO 2025-06-06 12:32:55,357 basehttp 29336 13212 "GET /static/admin/js/nav_sidebar.js HTTP/1.1" 200 3063
INFO 2025-06-06 12:32:55,358 basehttp 29336 7468 "GET /static/admin/css/login.css HTTP/1.1" 200 951
INFO 2025-06-06 12:33:06,196 basehttp 29336 4224 "POST /admin/login/?next=/admin/ HTTP/1.1" 200 4437
INFO 2025-06-06 12:33:18,449 basehttp 29336 4224 "POST /admin/login/?next=/admin/ HTTP/1.1" 200 4437
INFO 2025-06-06 12:33:42,850 basehttp 29336 4224 "POST /admin/login/?next=/admin/ HTTP/1.1" 200 4426
INFO 2025-06-06 12:34:08,007 basehttp 29336 4224 "POST /admin/login/?next=/admin/ HTTP/1.1" 200 4437
INFO 2025-06-06 12:34:38,591 autoreload 25172 26548 Watching for file changes with StatReloader
INFO 2025-06-06 13:03:04,996 autoreload 27768 27284 Watching for file changes with StatReloader
INFO 2025-06-06 13:03:15,847 basehttp 27768 29188 "POST /admin/login/?next=/admin/ HTTP/1.1" 302 0
INFO 2025-06-06 13:03:15,922 basehttp 27768 29188 "GET /admin/ HTTP/1.1" 200 6780
INFO 2025-06-06 13:03:15,949 basehttp 27768 29188 "GET /static/admin/css/base.css HTTP/1.1" 304 0
INFO 2025-06-06 13:03:15,951 basehttp 27768 25180 "GET /static/admin/css/dark_mode.css HTTP/1.1" 304 0
INFO 2025-06-06 13:03:15,952 basehttp 27768 17480 "GET /static/admin/js/theme.js HTTP/1.1" 304 0
INFO 2025-06-06 13:03:15,952 basehttp 27768 29188 "GET /static/admin/js/nav_sidebar.js HTTP/1.1" 304 0
INFO 2025-06-06 13:03:15,952 basehttp 27768 22392 "GET /static/admin/css/nav_sidebar.css HTTP/1.1" 304 0
INFO 2025-06-06 13:03:15,955 basehttp 27768 28536 "GET /static/admin/css/responsive.css HTTP/1.1" 304 0
INFO 2025-06-06 13:03:16,003 basehttp 27768 15108 "GET /static/admin/css/dashboard.css HTTP/1.1" 200 441
INFO 2025-06-06 13:03:16,017 basehttp 27768 25180 "GET /static/admin/img/icon-changelink.svg HTTP/1.1" 200 380
INFO 2025-06-06 13:03:16,017 basehttp 27768 15108 "GET /static/admin/img/icon-addlink.svg HTTP/1.1" 200 331
WARNING 2025-06-06 13:03:16,033 log 27768 15108 Not Found: /favicon.ico
WARNING 2025-06-06 13:03:16,033 basehttp 27768 15108 "GET /favicon.ico HTTP/1.1" 404 3171
INFO 2025-06-06 13:03:20,947 basehttp 27768 29188 "GET /admin/auth/group/ HTTP/1.1" 200 8409
INFO 2025-06-06 13:03:20,964 basehttp 27768 22392 "GET /static/admin/js/jquery.init.js HTTP/1.1" 200 347
INFO 2025-06-06 13:03:20,964 basehttp 27768 28536 "GET /static/admin/js/core.js HTTP/1.1" 200 6208
INFO 2025-06-06 13:03:20,964 basehttp 27768 15108 "GET /static/admin/css/changelists.css HTTP/1.1" 200 6878
INFO 2025-06-06 13:03:20,966 basehttp 27768 29188 "GET /static/admin/js/admin/RelatedObjectLookups.js HTTP/1.1" 200 9777
INFO 2025-06-06 13:03:20,967 basehttp 27768 28536 "GET /static/admin/js/urlify.js HTTP/1.1" 200 7887
INFO 2025-06-06 13:03:20,967 basehttp 27768 15108 "GET /static/admin/js/prepopulate.js HTTP/1.1" 200 1531
INFO 2025-06-06 13:03:20,967 basehttp 27768 22392 "GET /static/admin/js/actions.js HTTP/1.1" 200 8076
INFO 2025-06-06 13:03:20,969 basehttp 27768 22392 "GET /static/admin/js/filters.js HTTP/1.1" 200 978
INFO 2025-06-06 13:03:20,971 basehttp 27768 17480 "GET /static/admin/js/vendor/jquery/jquery.js HTTP/1.1" 200 285314
INFO 2025-06-06 13:03:20,972 basehttp 27768 29188 "GET /static/admin/js/vendor/xregexp/xregexp.js HTTP/1.1" 200 325171
INFO 2025-06-06 13:03:20,997 basehttp 27768 25180 "GET /admin/jsi18n/ HTTP/1.1" 200 8691
INFO 2025-06-06 13:03:21,005 basehttp 27768 17480 "GET /static/admin/img/search.svg HTTP/1.1" 200 458
INFO 2025-06-06 13:03:21,026 basehttp 27768 17480 "GET /static/admin/img/tooltag-add.svg HTTP/1.1" 200 331
INFO 2025-06-06 13:03:22,522 basehttp 27768 29188 "GET /admin/medical_data/medicaldata/ HTTP/1.1" 200 10164
INFO 2025-06-06 13:03:22,572 basehttp 27768 17480 "GET /admin/jsi18n/ HTTP/1.1" 200 8691
INFO 2025-06-06 13:03:22,592 basehttp 27768 17480 "GET /static/admin/img/icon-viewlink.svg HTTP/1.1" 200 581
INFO 2025-06-06 13:03:25,987 basehttp 27768 29188 "GET /admin/medical_data/medicaldata/add/ HTTP/1.1" 200 19429
INFO 2025-06-06 13:03:26,011 basehttp 27768 17480 "GET /static/admin/css/forms.css HTTP/1.1" 200 8525
INFO 2025-06-06 13:03:26,012 basehttp 27768 22392 "GET /static/admin/js/change_form.js HTTP/1.1" 200 606
INFO 2025-06-06 13:03:26,013 basehttp 27768 17480 "GET /static/admin/js/prepopulate_init.js HTTP/1.1" 200 586
INFO 2025-06-06 13:03:26,021 basehttp 27768 17480 "GET /static/admin/css/widgets.css HTTP/1.1" 200 11991
INFO 2025-06-06 13:03:26,045 basehttp 27768 25180 "GET /admin/jsi18n/ HTTP/1.1" 200 8691
INFO 2025-06-06 13:03:52,690 basehttp 27768 29188 "GET /admin/auth/group/ HTTP/1.1" 200 8409
INFO 2025-06-06 13:03:52,748 basehttp 27768 17480 "GET /admin/jsi18n/ HTTP/1.1" 200 8691
INFO 2025-06-06 13:03:54,502 basehttp 27768 29188 "GET /admin/auth/group/add/ HTTP/1.1" 200 14939
INFO 2025-06-06 13:03:54,517 basehttp 27768 25180 "GET /static/admin/js/SelectBox.js HTTP/1.1" 200 4530
INFO 2025-06-06 13:03:54,518 basehttp 27768 22392 "GET /static/admin/js/SelectFilter2.js HTTP/1.1" 200 15845
INFO 2025-06-06 13:03:54,550 basehttp 27768 17480 "GET /admin/jsi18n/ HTTP/1.1" 200 8691
INFO 2025-06-06 13:03:54,583 basehttp 27768 17480 "GET /static/admin/img/selector-icons.svg HTTP/1.1" 200 3291
INFO 2025-06-06 13:04:02,409 basehttp 27768 29188 "GET /admin/medical_data/medicaldata/ HTTP/1.1" 200 10164
INFO 2025-06-06 13:04:02,556 basehttp 27768 17480 "GET /admin/jsi18n/ HTTP/1.1" 200 8691
WARNING 2025-06-06 13:06:09,649 log 27768 26020 Unauthorized: /api/medical-records/
WARNING 2025-06-06 13:06:09,650 basehttp 27768 26020 "GET /api/medical-records/ HTTP/1.1" 401 5129
INFO 2025-06-06 13:06:09,700 basehttp 27768 26020 "GET /static/rest_framework/css/bootstrap-tweaks.css HTTP/1.1" 200 3385
INFO 2025-06-06 13:06:09,702 basehttp 27768 25160 "GET /static/rest_framework/css/prettify.css HTTP/1.1" 200 817
INFO 2025-06-06 13:06:09,703 basehttp 27768 26020 "GET /static/rest_framework/js/csrf.js HTTP/1.1" 200 1719
INFO 2025-06-06 13:06:09,704 basehttp 27768 23800 "GET /static/rest_framework/css/default.css HTTP/1.1" 200 1152
INFO 2025-06-06 13:06:09,704 basehttp 27768 27856 "GET /static/rest_framework/js/ajax-form.js HTTP/1.1" 200 3597
INFO 2025-06-06 13:06:09,705 basehttp 27768 28580 "GET /static/rest_framework/css/bootstrap.min.css HTTP/1.1" 200 121457
INFO 2025-06-06 13:06:09,706 basehttp 27768 25160 "GET /static/rest_framework/js/bootstrap.min.js HTTP/1.1" 200 39680
INFO 2025-06-06 13:06:09,706 basehttp 27768 25104 "GET /static/rest_framework/js/jquery-3.5.1.min.js HTTP/1.1" 200 89476
INFO 2025-06-06 13:06:09,706 basehttp 27768 23800 "GET /static/rest_framework/js/default.js HTTP/1.1" 200 1268
INFO 2025-06-06 13:06:09,707 basehttp 27768 26020 "GET /static/rest_framework/js/prettify-min.js HTTP/1.1" 200 13632
INFO 2025-06-06 13:06:09,721 basehttp 27768 28580 "GET /static/rest_framework/img/grid.png HTTP/1.1" 200 1458
INFO 2025-06-06 13:10:08,325 autoreload 27768 27284 C:\Users\CHUNGA\Desktop\cardiovascular_system\config\urls.py changed, reloading.
INFO 2025-06-06 13:10:09,033 autoreload 26464 24932 Watching for file changes with StatReloader
INFO 2025-06-06 13:10:22,971 autoreload 26464 24932 C:\Users\CHUNGA\Desktop\cardiovascular_system\config\urls.py changed, reloading.
INFO 2025-06-06 13:10:23,620 autoreload 26592 21572 Watching for file changes with StatReloader
WARNING 2025-06-06 13:10:40,925 log 26592 24068 Unauthorized: /api/medical-records/
WARNING 2025-06-06 13:10:40,926 basehttp 26592 24068 "GET /api/medical-records/ HTTP/1.1" 401 5129
WARNING 2025-06-06 13:10:41,666 log 26592 24068 Unauthorized: /api/medical-records/
WARNING 2025-06-06 13:10:41,667 basehttp 26592 24068 "GET /api/medical-records/ HTTP/1.1" 401 5129
WARNING 2025-06-06 13:10:42,167 log 26592 24068 Unauthorized: /api/medical-records/
WARNING 2025-06-06 13:10:42,167 basehttp 26592 24068 "GET /api/medical-records/ HTTP/1.1" 401 5129
WARNING 2025-06-06 13:10:42,488 log 26592 24068 Unauthorized: /api/medical-records/
WARNING 2025-06-06 13:10:42,488 basehttp 26592 24068 "GET /api/medical-records/ HTTP/1.1" 401 5129
WARNING 2025-06-06 13:10:42,659 log 26592 24068 Unauthorized: /api/medical-records/
WARNING 2025-06-06 13:10:42,660 basehttp 26592 24068 "GET /api/medical-records/ HTTP/1.1" 401 5129
INFO 2025-06-06 13:10:46,501 basehttp 26592 24068 "GET /admin/medical_data/medicaldata/ HTTP/1.1" 200 10164
INFO 2025-06-06 13:10:46,511 basehttp 26592 24068 "GET /static/admin/css/base.css HTTP/1.1" 304 0
INFO 2025-06-06 13:10:46,514 basehttp 26592 2960 "GET /static/admin/css/dark_mode.css HTTP/1.1" 304 0
INFO 2025-06-06 13:10:46,514 basehttp 26592 24068 "GET /static/admin/js/admin/RelatedObjectLookups.js HTTP/1.1" 304 0
INFO 2025-06-06 13:10:46,514 basehttp 26592 27376 "GET /static/admin/js/theme.js HTTP/1.1" 304 0
INFO 2025-06-06 13:10:46,517 basehttp 26592 18732 "GET /static/admin/js/vendor/jquery/jquery.js HTTP/1.1" 304 0
INFO 2025-06-06 13:10:46,517 basehttp 26592 2960 "GET /static/admin/js/core.js HTTP/1.1" 304 0
INFO 2025-06-06 13:10:46,518 basehttp 26592 24068 "GET /static/admin/js/jquery.init.js HTTP/1.1" 304 0
INFO 2025-06-06 13:10:46,518 basehttp 26592 27376 "GET /static/admin/css/nav_sidebar.css HTTP/1.1" 304 0
INFO 2025-06-06 13:10:46,518 basehttp 26592 28048 "GET /static/admin/css/changelists.css HTTP/1.1" 304 0
INFO 2025-06-06 13:10:46,518 basehttp 26592 18732 "GET /static/admin/js/nav_sidebar.js HTTP/1.1" 304 0
INFO 2025-06-06 13:10:46,519 basehttp 26592 2960 "GET /static/admin/js/actions.js HTTP/1.1" 304 0
INFO 2025-06-06 13:10:46,521 basehttp 26592 24068 "GET /static/admin/js/urlify.js HTTP/1.1" 304 0
INFO 2025-06-06 13:10:46,521 basehttp 26592 27376 "GET /static/admin/js/prepopulate.js HTTP/1.1" 304 0
INFO 2025-06-06 13:10:46,522 basehttp 26592 28048 "GET /static/admin/js/vendor/xregexp/xregexp.js HTTP/1.1" 304 0
INFO 2025-06-06 13:10:46,522 basehttp 26592 18732 "GET /static/admin/js/filters.js HTTP/1.1" 304 0
INFO 2025-06-06 13:10:46,523 basehttp 26592 2960 "GET /static/admin/css/responsive.css HTTP/1.1" 304 0
INFO 2025-06-06 13:10:46,551 basehttp 26592 4872 "GET /admin/jsi18n/ HTTP/1.1" 200 8691
INFO 2025-06-06 13:10:46,561 basehttp 26592 4872 "GET /static/admin/img/search.svg HTTP/1.1" 304 0
INFO 2025-06-06 13:10:46,563 basehttp 26592 28048 "GET /static/admin/img/icon-viewlink.svg HTTP/1.1" 304 0
INFO 2025-06-06 13:10:46,563 basehttp 26592 4872 "GET /static/admin/img/icon-addlink.svg HTTP/1.1" 304 0
INFO 2025-06-06 13:10:46,563 basehttp 26592 27376 "GET /static/admin/img/tooltag-add.svg HTTP/1.1" 304 0
INFO 2025-06-06 13:10:47,374 basehttp 26592 24068 "GET /admin/medical_data/medicaldata/ HTTP/1.1" 200 10164
INFO 2025-06-06 13:10:47,415 basehttp 26592 4872 "GET /admin/jsi18n/ HTTP/1.1" 200 8691
INFO 2025-06-06 13:10:48,688 basehttp 26592 24068 "POST /admin/logout/ HTTP/1.1" 200 3622
INFO 2025-06-06 13:10:50,234 basehttp 26592 24068 "GET /admin/ HTTP/1.1" 302 0
INFO 2025-06-06 13:10:50,241 basehttp 26592 24068 "GET /admin/login/?next=/admin/ HTTP/1.1" 200 4226
INFO 2025-06-06 13:10:50,250 basehttp 26592 4872 "GET /static/admin/css/login.css HTTP/1.1" 304 0
INFO 2025-06-06 13:10:58,755 basehttp 26592 24068 "POST /admin/login/?next=/admin/ HTTP/1.1" 302 0
INFO 2025-06-06 13:10:58,800 basehttp 26592 24068 "GET /admin/ HTTP/1.1" 200 6780
INFO 2025-06-06 13:10:58,818 basehttp 26592 4872 "GET /static/admin/css/dashboard.css HTTP/1.1" 304 0
INFO 2025-06-06 13:10:58,823 basehttp 26592 4872 "GET /static/admin/img/icon-changelink.svg HTTP/1.1" 304 0
INFO 2025-06-06 13:11:02,039 basehttp 26592 24068 "GET /admin/medical_data/medicaldata/ HTTP/1.1" 200 10164
INFO 2025-06-06 13:11:02,091 basehttp 26592 4872 "GET /admin/jsi18n/ HTTP/1.1" 200 8691
INFO 2025-06-06 13:11:04,134 basehttp 26592 24068 "GET /admin/medical_data/medicaldata/add/ HTTP/1.1" 200 19429
INFO 2025-06-06 13:11:04,154 basehttp 26592 4872 "GET /static/admin/css/forms.css HTTP/1.1" 304 0
INFO 2025-06-06 13:11:04,157 basehttp 26592 4872 "GET /static/admin/js/change_form.js HTTP/1.1" 304 0
INFO 2025-06-06 13:11:04,158 basehttp 26592 2960 "GET /static/admin/js/prepopulate_init.js HTTP/1.1" 304 0
INFO 2025-06-06 13:11:04,166 basehttp 26592 4872 "GET /static/admin/css/widgets.css HTTP/1.1" 304 0
INFO 2025-06-06 13:11:04,195 basehttp 26592 18732 "GET /admin/jsi18n/ HTTP/1.1" 200 8691
WARNING 2025-06-06 13:11:34,497 log 26592 24068 Unauthorized: /api/medical-records/
WARNING 2025-06-06 13:11:34,497 basehttp 26592 24068 "GET /api/medical-records/ HTTP/1.1" 401 5129
WARNING 2025-06-06 13:11:37,281 log 26592 24068 Unauthorized: /api/medical-records/
WARNING 2025-06-06 13:11:37,281 basehttp 26592 24068 "GET /api/medical-records/ HTTP/1.1" 401 5129
WARNING 2025-06-06 13:11:37,852 log 26592 24068 Unauthorized: /api/medical-records/
WARNING 2025-06-06 13:11:37,852 basehttp 26592 24068 "GET /api/medical-records/ HTTP/1.1" 401 5129
WARNING 2025-06-06 13:11:38,036 log 26592 24068 Unauthorized: /api/medical-records/
WARNING 2025-06-06 13:11:38,036 basehttp 26592 24068 "GET /api/medical-records/ HTTP/1.1" 401 5129
WARNING 2025-06-06 13:11:38,204 log 26592 24068 Unauthorized: /api/medical-records/
WARNING 2025-06-06 13:11:38,205 basehttp 26592 24068 "GET /api/medical-records/ HTTP/1.1" 401 5129
WARNING 2025-06-06 13:11:38,370 log 26592 24068 Unauthorized: /api/medical-records/
WARNING 2025-06-06 13:11:38,371 basehttp 26592 24068 "GET /api/medical-records/ HTTP/1.1" 401 5129
WARNING 2025-06-06 13:11:44,798 log 26592 24068 Unauthorized: /api/medical-records/
WARNING 2025-06-06 13:11:44,799 basehttp 26592 24068 "GET /api/medical-records/?format=api HTTP/1.1" 401 5162
WARNING 2025-06-06 13:11:48,193 log 26592 24068 Unauthorized: /api/medical-records/
WARNING 2025-06-06 13:11:48,194 basehttp 26592 24068 "GET /api/medical-records/?format=json HTTP/1.1" 401 65
WARNING 2025-06-06 13:11:48,274 log 26592 22872 Not Found: /favicon.ico
WARNING 2025-06-06 13:11:48,274 basehttp 26592 22872 "GET /favicon.ico HTTP/1.1" 404 3533
WARNING 2025-06-06 13:12:50,646 log 26592 19324 Method Not Allowed: /api/token/
WARNING 2025-06-06 13:12:50,646 basehttp 26592 19324 "GET /api/token/ HTTP/1.1" 405 7635
INFO 2025-06-06 13:12:50,720 basehttp 26592 19324 "GET /static/rest_framework/css/bootstrap.min.css HTTP/1.1" 200 121457
INFO 2025-06-06 13:12:50,721 basehttp 26592 19324 "GET /static/rest_framework/css/bootstrap-tweaks.css HTTP/1.1" 200 3385
INFO 2025-06-06 13:12:50,723 basehttp 26592 19324 "GET /static/rest_framework/css/prettify.css HTTP/1.1" 200 817
INFO 2025-06-06 13:12:50,724 basehttp 26592 19324 "GET /static/rest_framework/css/default.css HTTP/1.1" 200 1152
INFO 2025-06-06 13:12:50,727 basehttp 26592 19324 "GET /static/rest_framework/js/jquery-3.5.1.min.js HTTP/1.1" 200 89476
INFO 2025-06-06 13:12:50,728 basehttp 26592 19324 "GET /static/rest_framework/js/ajax-form.js HTTP/1.1" 200 3597
INFO 2025-06-06 13:12:50,730 basehttp 26592 19324 "GET /static/rest_framework/js/csrf.js HTTP/1.1" 200 1719
INFO 2025-06-06 13:12:50,732 basehttp 26592 19324 "GET /static/rest_framework/js/bootstrap.min.js HTTP/1.1" 200 39680
INFO 2025-06-06 13:12:50,734 basehttp 26592 19324 "GET /static/rest_framework/js/prettify-min.js HTTP/1.1" 200 13632
INFO 2025-06-06 13:12:50,736 basehttp 26592 19324 "GET /static/rest_framework/js/default.js HTTP/1.1" 200 1268
INFO 2025-06-06 13:12:50,738 basehttp 26592 19324 "GET /static/rest_framework/img/grid.png HTTP/1.1" 200 1458
WARNING 2025-06-06 13:12:50,830 log 26592 19324 Not Found: /favicon.ico
WARNING 2025-06-06 13:12:50,831 basehttp 26592 19324 "GET /favicon.ico HTTP/1.1" 404 3533
WARNING 2025-06-06 13:12:57,537 log 26592 19324 Unauthorized: /api/token/
WARNING 2025-06-06 13:12:57,538 basehttp 26592 19324 "POST /api/token/ HTTP/1.1" 401 7581
WARNING 2025-06-06 13:13:10,848 log 26592 19324 Unauthorized: /api/token/
WARNING 2025-06-06 13:13:10,849 basehttp 26592 19324 "POST /api/token/ HTTP/1.1" 401 7581
WARNING 2025-06-06 13:13:48,582 log 26592 19324 Method Not Allowed: /api/token/refresh/
WARNING 2025-06-06 13:13:48,582 basehttp 26592 19324 "GET /api/token/refresh/ HTTP/1.1" 405 7459
WARNING 2025-06-06 13:14:00,097 log 26592 19324 Unauthorized: /api/token/refresh/
WARNING 2025-06-06 13:14:00,098 basehttp 26592 19324 "POST /api/token/refresh/ HTTP/1.1" 401 7460
WARNING 2025-06-06 13:14:05,614 log 26592 19324 Method Not Allowed: /api/token/refresh/
WARNING 2025-06-06 13:14:05,614 basehttp 26592 19324 "GET /api/token/refresh/ HTTP/1.1" 405 7459
WARNING 2025-06-06 13:14:07,580 log 26592 19324 Method Not Allowed: /api/token/
WARNING 2025-06-06 13:14:07,580 basehttp 26592 19324 "GET /api/token/ HTTP/1.1" 405 7635
WARNING 2025-06-06 13:14:14,194 log 26592 19324 Unauthorized: /api/token/
WARNING 2025-06-06 13:14:14,195 basehttp 26592 19324 "POST /api/token/ HTTP/1.1" 401 7581
INFO 2025-06-06 13:14:29,637 basehttp 26592 21876 "GET /admin/medical_data/ HTTP/1.1" 200 5669
INFO 2025-06-06 13:14:32,712 basehttp 26592 21876 "GET /admin/ HTTP/1.1" 200 6780
INFO 2025-06-06 13:14:36,291 basehttp 26592 21876 "GET /admin/medical_data/medicaldata/ HTTP/1.1" 200 10164
INFO 2025-06-06 13:14:36,336 basehttp 26592 21876 "GET /admin/jsi18n/ HTTP/1.1" 200 8691
INFO 2025-06-06 13:14:40,829 basehttp 26592 21876 "GET /admin/medical_data/medicaldata/add/ HTTP/1.1" 200 19429
INFO 2025-06-06 13:14:40,877 basehttp 26592 21876 "GET /admin/jsi18n/ HTTP/1.1" 200 8691
WARNING 2025-06-06 13:14:43,834 log 26592 21876 Not Found: /
WARNING 2025-06-06 13:14:43,834 basehttp 26592 21876 "GET / HTTP/1.1" 404 3482
INFO 2025-06-06 13:17:21,458 basehttp 26592 19324 "POST /api/token/ HTTP/1.1" 200 8176
WARNING 2025-06-06 13:21:33,469 log 26592 24776 Unauthorized: /api/medical-records/
WARNING 2025-06-06 13:21:33,469 basehttp 26592 24776 "GET /api/medical-records/ HTTP/1.1" 401 203
WARNING 2025-06-06 13:22:35,778 log 26592 30612 Unauthorized: /api/medical-records/
WARNING 2025-06-06 13:22:35,778 basehttp 26592 30612 "GET /api/medical-records/ HTTP/1.1" 401 203
INFO 2025-06-06 13:23:29,020 autoreload 7060 240 Watching for file changes with StatReloader
INFO 2025-06-06 13:23:34,006 basehttp 7060 26748 "POST /api/token/ HTTP/1.1" 200 8176
INFO 2025-06-06 13:23:37,583 basehttp 7060 26748 "POST /api/token/ HTTP/1.1" 200 8176
INFO 2025-06-06 13:23:44,184 basehttp 7060 26748 "POST /api/token/ HTTP/1.1" 200 8176
WARNING 2025-06-06 13:24:29,312 log 7060 19212 Unauthorized: /api/token/refresh/
WARNING 2025-06-06 13:24:29,312 basehttp 7060 19212 "POST /api/token/refresh/ HTTP/1.1" 401 73
WARNING 2025-06-06 13:25:55,686 log 7060 29028 Bad Request: /api/token/
WARNING 2025-06-06 13:25:55,686 basehttp 7060 29028 "POST /api/token/ HTTP/1.1" 400 38
INFO 2025-06-06 13:26:14,135 basehttp 7060 13520 "POST /api/token/ HTTP/1.1" 200 582
INFO 2025-06-06 13:26:54,993 basehttp 7060 25844 "GET /api/medical-records/ HTTP/1.1" 200 74
WARNING 2025-06-06 13:27:05,283 log 7060 25244 Unauthorized: /api/medical-records/
WARNING 2025-06-06 13:27:05,284 basehttp 7060 25244 "GET /api/medical-records/?format=api HTTP/1.1" 401 5162
INFO 2025-06-06 13:27:05,294 basehttp 7060 25244 "GET /static/rest_framework/css/bootstrap.min.css HTTP/1.1" 304 0
INFO 2025-06-06 13:27:05,295 basehttp 7060 18280 "GET /static/rest_framework/css/bootstrap-tweaks.css HTTP/1.1" 304 0
INFO 2025-06-06 13:27:05,297 basehttp 7060 25244 "GET /static/rest_framework/js/csrf.js HTTP/1.1" 304 0
INFO 2025-06-06 13:27:05,298 basehttp 7060 27668 "GET /static/rest_framework/css/default.css HTTP/1.1" 304 0
INFO 2025-06-06 13:27:05,298 basehttp 7060 1596 "GET /static/rest_framework/js/jquery-3.5.1.min.js HTTP/1.1" 304 0
INFO 2025-06-06 13:27:05,299 basehttp 7060 18280 "GET /static/rest_framework/js/bootstrap.min.js HTTP/1.1" 304 0
INFO 2025-06-06 13:27:05,300 basehttp 7060 14416 "GET /static/rest_framework/css/prettify.css HTTP/1.1" 304 0
INFO 2025-06-06 13:27:05,300 basehttp 7060 16568 "GET /static/rest_framework/js/ajax-form.js HTTP/1.1" 304 0
INFO 2025-06-06 13:27:05,300 basehttp 7060 25244 "GET /static/rest_framework/js/prettify-min.js HTTP/1.1" 304 0
INFO 2025-06-06 13:27:05,301 basehttp 7060 27668 "GET /static/rest_framework/js/default.js HTTP/1.1" 304 0
INFO 2025-06-06 13:27:05,304 basehttp 7060 1596 "GET /static/rest_framework/img/grid.png HTTP/1.1" 304 0
WARNING 2025-06-06 13:27:10,777 log 7060 25244 Unauthorized: /api/medical-records/
WARNING 2025-06-06 13:27:10,777 basehttp 7060 25244 "GET /api/medical-records/ HTTP/1.1" 401 5129
WARNING 2025-06-06 13:27:18,287 log 7060 25244 Not Found: /
WARNING 2025-06-06 13:27:18,288 basehttp 7060 25244 "GET / HTTP/1.1" 404 3482
INFO 2025-06-06 13:27:20,088 basehttp 7060 25244 "GET /admin/medical_data/medicaldata/add/ HTTP/1.1" 200 19429
INFO 2025-06-06 13:27:21,337 basehttp 7060 25244 "GET /admin/medical_data/medicaldata/add/ HTTP/1.1" 200 19429
INFO 2025-06-06 13:27:21,351 basehttp 7060 1596 "GET /static/admin/js/nav_sidebar.js HTTP/1.1" 304 0
INFO 2025-06-06 13:27:21,351 basehttp 7060 18280 "GET /static/admin/css/base.css HTTP/1.1" 304 0
INFO 2025-06-06 13:27:21,351 basehttp 7060 14416 "GET /static/admin/css/dark_mode.css HTTP/1.1" 304 0
INFO 2025-06-06 13:27:21,351 basehttp 7060 16568 "GET /static/admin/js/theme.js HTTP/1.1" 304 0
INFO 2025-06-06 13:27:21,352 basehttp 7060 25244 "GET /static/admin/css/forms.css HTTP/1.1" 304 0
INFO 2025-06-06 13:27:21,352 basehttp 7060 27668 "GET /static/admin/css/nav_sidebar.css HTTP/1.1" 304 0
INFO 2025-06-06 13:27:21,355 basehttp 7060 1596 "GET /static/admin/js/vendor/jquery/jquery.js HTTP/1.1" 304 0
INFO 2025-06-06 13:27:21,355 basehttp 7060 18280 "GET /static/admin/js/jquery.init.js HTTP/1.1" 304 0
INFO 2025-06-06 13:27:21,357 basehttp 7060 16568 "GET /static/admin/js/core.js HTTP/1.1" 304 0
INFO 2025-06-06 13:27:21,358 basehttp 7060 25244 "GET /static/admin/js/admin/RelatedObjectLookups.js HTTP/1.1" 304 0
INFO 2025-06-06 13:27:21,358 basehttp 7060 18280 "GET /static/admin/js/prepopulate.js HTTP/1.1" 304 0
INFO 2025-06-06 13:27:21,358 basehttp 7060 27668 "GET /static/admin/js/actions.js HTTP/1.1" 304 0
INFO 2025-06-06 13:27:21,358 basehttp 7060 1596 "GET /static/admin/js/urlify.js HTTP/1.1" 304 0
INFO 2025-06-06 13:27:21,360 basehttp 7060 16568 "GET /static/admin/js/vendor/xregexp/xregexp.js HTTP/1.1" 304 0
INFO 2025-06-06 13:27:21,360 basehttp 7060 25244 "GET /static/admin/css/responsive.css HTTP/1.1" 304 0
INFO 2025-06-06 13:27:21,361 basehttp 7060 18280 "GET /static/admin/js/change_form.js HTTP/1.1" 304 0
INFO 2025-06-06 13:27:21,361 basehttp 7060 27668 "GET /static/admin/js/prepopulate_init.js HTTP/1.1" 304 0
INFO 2025-06-06 13:27:21,361 basehttp 7060 1596 "GET /static/admin/css/widgets.css HTTP/1.1" 304 0
INFO 2025-06-06 13:27:21,389 basehttp 7060 14416 "GET /admin/jsi18n/ HTTP/1.1" 200 8691
INFO 2025-06-06 13:27:21,400 basehttp 7060 14416 "GET /static/admin/img/icon-addlink.svg HTTP/1.1" 304 0
INFO 2025-06-06 13:27:22,096 basehttp 7060 25244 "GET /admin/medical_data/medicaldata/add/ HTTP/1.1" 200 19429
INFO 2025-06-06 13:27:22,146 basehttp 7060 14416 "GET /admin/jsi18n/ HTTP/1.1" 200 8691
WARNING 2025-06-06 13:27:39,338 log 7060 25244 Unauthorized: /api/medical-records/medical-data/
WARNING 2025-06-06 13:27:39,339 basehttp 7060 25244 "GET /api/medical-records/medical-data/ HTTP/1.1" 401 5367
WARNING 2025-06-06 13:29:30,192 log 7060 25244 Unauthorized: /api/medical-records/medical-data/
WARNING 2025-06-06 13:29:30,192 basehttp 7060 25244 "GET /api/medical-records/medical-data/ HTTP/1.1" 401 5367
WARNING 2025-06-06 13:29:33,119 log 7060 25244 Unauthorized: /api/medical-records/medical-data/
WARNING 2025-06-06 13:29:33,120 basehttp 7060 25244 "GET /api/medical-records/medical-data/?format=json HTTP/1.1" 401 65
WARNING 2025-06-06 13:29:33,144 log 7060 5592 Not Found: /favicon.ico
WARNING 2025-06-06 13:29:33,145 basehttp 7060 5592 "GET /favicon.ico HTTP/1.1" 404 3533
WARNING 2025-06-06 13:29:37,771 log 7060 25244 Unauthorized: /api/medical-records/medical-data/
WARNING 2025-06-06 13:29:37,771 basehttp 7060 25244 "GET /api/medical-records/medical-data/ HTTP/1.1" 401 5367
WARNING 2025-06-06 13:29:38,308 log 7060 25244 Unauthorized: /api/medical-records/medical-data/
WARNING 2025-06-06 13:29:38,309 basehttp 7060 25244 "GET /api/medical-records/medical-data/ HTTP/1.1" 401 5367
WARNING 2025-06-06 13:29:38,716 log 7060 25244 Unauthorized: /api/medical-records/medical-data/
WARNING 2025-06-06 13:29:38,716 basehttp 7060 25244 "GET /api/medical-records/medical-data/ HTTP/1.1" 401 5367
WARNING 2025-06-06 13:29:38,921 log 7060 25244 Unauthorized: /api/medical-records/medical-data/
WARNING 2025-06-06 13:29:38,922 basehttp 7060 25244 "GET /api/medical-records/medical-data/ HTTP/1.1" 401 5367
WARNING 2025-06-06 13:29:39,100 log 7060 25244 Unauthorized: /api/medical-records/medical-data/
WARNING 2025-06-06 13:29:39,100 basehttp 7060 25244 "GET /api/medical-records/medical-data/ HTTP/1.1" 401 5367
WARNING 2025-06-06 13:29:39,288 log 7060 25244 Unauthorized: /api/medical-records/medical-data/
WARNING 2025-06-06 13:29:39,289 basehttp 7060 25244 "GET /api/medical-records/medical-data/ HTTP/1.1" 401 5367
WARNING 2025-06-06 13:29:39,474 log 7060 25244 Unauthorized: /api/medical-records/medical-data/
WARNING 2025-06-06 13:29:39,474 basehttp 7060 25244 "GET /api/medical-records/medical-data/ HTTP/1.1" 401 5367
WARNING 2025-06-06 13:29:39,659 log 7060 25244 Unauthorized: /api/medical-records/medical-data/
WARNING 2025-06-06 13:29:39,660 basehttp 7060 25244 "GET /api/medical-records/medical-data/ HTTP/1.1" 401 5367
WARNING 2025-06-06 13:29:39,836 log 7060 25244 Unauthorized: /api/medical-records/medical-data/
WARNING 2025-06-06 13:29:39,837 basehttp 7060 25244 "GET /api/medical-records/medical-data/ HTTP/1.1" 401 5367
WARNING 2025-06-06 13:29:40,014 log 7060 25244 Unauthorized: /api/medical-records/medical-data/
WARNING 2025-06-06 13:29:40,015 basehttp 7060 25244 "GET /api/medical-records/medical-data/ HTTP/1.1" 401 5367
WARNING 2025-06-06 13:29:40,198 log 7060 25244 Unauthorized: /api/medical-records/medical-data/
WARNING 2025-06-06 13:29:40,198 basehttp 7060 25244 "GET /api/medical-records/medical-data/ HTTP/1.1" 401 5367
INFO 2025-06-06 13:30:02,739 basehttp 7060 14124 "GET /api/medical-records/medical-data/ HTTP/1.1" 200 52
ERROR 2025-06-06 13:31:47,350 log 7060 8624 Internal Server Error: /api/patients/
Traceback (most recent call last):
  File "C:\Users\CHUNGA\Desktop\cardiovascular_system\env\Lib\site-packages\django\core\handlers\exception.py", line 55, in inner
    response = get_response(request)
               ^^^^^^^^^^^^^^^^^^^^^
  File "C:\Users\CHUNGA\Desktop\cardiovascular_system\env\Lib\site-packages\django\core\handlers\base.py", line 197, in _get_response
    response = wrapped_callback(request, *callback_args, **callback_kwargs)
               ^^^^^^^^^^^^^^^^^^^^^^^^^^^^^^^^^^^^^^^^^^^^^^^^^^^^^^^^^^^^
  File "C:\Users\CHUNGA\Desktop\cardiovascular_system\env\Lib\site-packages\django\views\decorators\csrf.py", line 65, in _view_wrapper
    return view_func(request, *args, **kwargs)
           ^^^^^^^^^^^^^^^^^^^^^^^^^^^^^^^^^^^
  File "C:\Users\CHUNGA\Desktop\cardiovascular_system\env\Lib\site-packages\rest_framework\viewsets.py", line 125, in view
    return self.dispatch(request, *args, **kwargs)
           ^^^^^^^^^^^^^^^^^^^^^^^^^^^^^^^^^^^^^^^
  File "C:\Users\CHUNGA\Desktop\cardiovascular_system\env\Lib\site-packages\rest_framework\views.py", line 509, in dispatch
    response = self.handle_exception(exc)
               ^^^^^^^^^^^^^^^^^^^^^^^^^^
  File "C:\Users\CHUNGA\Desktop\cardiovascular_system\env\Lib\site-packages\rest_framework\views.py", line 469, in handle_exception
    self.raise_uncaught_exception(exc)
  File "C:\Users\CHUNGA\Desktop\cardiovascular_system\env\Lib\site-packages\rest_framework\views.py", line 480, in raise_uncaught_exception
    raise exc
  File "C:\Users\CHUNGA\Desktop\cardiovascular_system\env\Lib\site-packages\rest_framework\views.py", line 506, in dispatch
    response = handler(request, *args, **kwargs)
               ^^^^^^^^^^^^^^^^^^^^^^^^^^^^^^^^^
  File "C:\Users\CHUNGA\Desktop\cardiovascular_system\env\Lib\site-packages\rest_framework\mixins.py", line 38, in list
    queryset = self.filter_queryset(self.get_queryset())
               ^^^^^^^^^^^^^^^^^^^^^^^^^^^^^^^^^^^^^^^^^
  File "C:\Users\CHUNGA\Desktop\cardiovascular_system\env\Lib\site-packages\rest_framework\generics.py", line 150, in filter_queryset
    queryset = backend().filter_queryset(self.request, queryset, self)
               ^^^^^^^^^^^^^^^^^^^^^^^^^^^^^^^^^^^^^^^^^^^^^^^^^^^^^^^
  File "C:\Users\CHUNGA\Desktop\cardiovascular_system\env\Lib\site-packages\django_filters\rest_framework\backends.py", line 68, in filter_queryset
    filterset = self.get_filterset(request, queryset, view)
                ^^^^^^^^^^^^^^^^^^^^^^^^^^^^^^^^^^^^^^^^^^^
  File "C:\Users\CHUNGA\Desktop\cardiovascular_system\env\Lib\site-packages\django_filters\rest_framework\backends.py", line 20, in get_filterset
    filterset_class = self.get_filterset_class(view, queryset)
                      ^^^^^^^^^^^^^^^^^^^^^^^^^^^^^^^^^^^^^^^^
  File "C:\Users\CHUNGA\Desktop\cardiovascular_system\env\Lib\site-packages\django_filters\rest_framework\backends.py", line 51, in get_filterset_class
    class AutoFilterSet(self.filterset_base):
  File "C:\Users\CHUNGA\Desktop\cardiovascular_system\env\Lib\site-packages\django_filters\filterset.py", line 62, in __new__
    new_class.base_filters = new_class.get_filters()
                             ^^^^^^^^^^^^^^^^^^^^^^^
  File "C:\Users\CHUNGA\Desktop\cardiovascular_system\env\Lib\site-packages\django_filters\filterset.py", line 349, in get_filters
    raise TypeError(
TypeError: 'Meta.fields' must not contain non-model field names: medico_tratante
ERROR 2025-06-06 13:31:47,353 basehttp 7060 8624 "GET /api/patients/ HTTP/1.1" 500 131022
INFO 2025-06-06 13:32:13,060 basehttp 7060 8104 "GET /api/medical-records/medical-data/ HTTP/1.1" 200 52
ERROR 2025-06-06 13:32:45,820 log 7060 28636 Internal Server Error: /api/patients/
Traceback (most recent call last):
  File "C:\Users\CHUNGA\Desktop\cardiovascular_system\env\Lib\site-packages\django\core\handlers\exception.py", line 55, in inner
    response = get_response(request)
               ^^^^^^^^^^^^^^^^^^^^^
  File "C:\Users\CHUNGA\Desktop\cardiovascular_system\env\Lib\site-packages\django\core\handlers\base.py", line 197, in _get_response
    response = wrapped_callback(request, *callback_args, **callback_kwargs)
               ^^^^^^^^^^^^^^^^^^^^^^^^^^^^^^^^^^^^^^^^^^^^^^^^^^^^^^^^^^^^
  File "C:\Users\CHUNGA\Desktop\cardiovascular_system\env\Lib\site-packages\django\views\decorators\csrf.py", line 65, in _view_wrapper
    return view_func(request, *args, **kwargs)
           ^^^^^^^^^^^^^^^^^^^^^^^^^^^^^^^^^^^
  File "C:\Users\CHUNGA\Desktop\cardiovascular_system\env\Lib\site-packages\rest_framework\viewsets.py", line 125, in view
    return self.dispatch(request, *args, **kwargs)
           ^^^^^^^^^^^^^^^^^^^^^^^^^^^^^^^^^^^^^^^
  File "C:\Users\CHUNGA\Desktop\cardiovascular_system\env\Lib\site-packages\rest_framework\views.py", line 509, in dispatch
    response = self.handle_exception(exc)
               ^^^^^^^^^^^^^^^^^^^^^^^^^^
  File "C:\Users\CHUNGA\Desktop\cardiovascular_system\env\Lib\site-packages\rest_framework\views.py", line 469, in handle_exception
    self.raise_uncaught_exception(exc)
  File "C:\Users\CHUNGA\Desktop\cardiovascular_system\env\Lib\site-packages\rest_framework\views.py", line 480, in raise_uncaught_exception
    raise exc
  File "C:\Users\CHUNGA\Desktop\cardiovascular_system\env\Lib\site-packages\rest_framework\views.py", line 506, in dispatch
    response = handler(request, *args, **kwargs)
               ^^^^^^^^^^^^^^^^^^^^^^^^^^^^^^^^^
  File "C:\Users\CHUNGA\Desktop\cardiovascular_system\env\Lib\site-packages\rest_framework\mixins.py", line 38, in list
    queryset = self.filter_queryset(self.get_queryset())
               ^^^^^^^^^^^^^^^^^^^^^^^^^^^^^^^^^^^^^^^^^
  File "C:\Users\CHUNGA\Desktop\cardiovascular_system\env\Lib\site-packages\rest_framework\generics.py", line 150, in filter_queryset
    queryset = backend().filter_queryset(self.request, queryset, self)
               ^^^^^^^^^^^^^^^^^^^^^^^^^^^^^^^^^^^^^^^^^^^^^^^^^^^^^^^
  File "C:\Users\CHUNGA\Desktop\cardiovascular_system\env\Lib\site-packages\django_filters\rest_framework\backends.py", line 68, in filter_queryset
    filterset = self.get_filterset(request, queryset, view)
                ^^^^^^^^^^^^^^^^^^^^^^^^^^^^^^^^^^^^^^^^^^^
  File "C:\Users\CHUNGA\Desktop\cardiovascular_system\env\Lib\site-packages\django_filters\rest_framework\backends.py", line 20, in get_filterset
    filterset_class = self.get_filterset_class(view, queryset)
                      ^^^^^^^^^^^^^^^^^^^^^^^^^^^^^^^^^^^^^^^^
  File "C:\Users\CHUNGA\Desktop\cardiovascular_system\env\Lib\site-packages\django_filters\rest_framework\backends.py", line 51, in get_filterset_class
    class AutoFilterSet(self.filterset_base):
  File "C:\Users\CHUNGA\Desktop\cardiovascular_system\env\Lib\site-packages\django_filters\filterset.py", line 62, in __new__
    new_class.base_filters = new_class.get_filters()
                             ^^^^^^^^^^^^^^^^^^^^^^^
  File "C:\Users\CHUNGA\Desktop\cardiovascular_system\env\Lib\site-packages\django_filters\filterset.py", line 349, in get_filters
    raise TypeError(
TypeError: 'Meta.fields' must not contain non-model field names: medico_tratante
ERROR 2025-06-06 13:32:45,821 basehttp 7060 28636 "GET /api/patients/ HTTP/1.1" 500 131022
ERROR 2025-06-06 13:33:52,652 log 7060 27688 Internal Server Error: /api/patients/
Traceback (most recent call last):
  File "C:\Users\CHUNGA\Desktop\cardiovascular_system\env\Lib\site-packages\django\core\handlers\exception.py", line 55, in inner
    response = get_response(request)
               ^^^^^^^^^^^^^^^^^^^^^
  File "C:\Users\CHUNGA\Desktop\cardiovascular_system\env\Lib\site-packages\django\core\handlers\base.py", line 197, in _get_response
    response = wrapped_callback(request, *callback_args, **callback_kwargs)
               ^^^^^^^^^^^^^^^^^^^^^^^^^^^^^^^^^^^^^^^^^^^^^^^^^^^^^^^^^^^^
  File "C:\Users\CHUNGA\Desktop\cardiovascular_system\env\Lib\site-packages\django\views\decorators\csrf.py", line 65, in _view_wrapper
    return view_func(request, *args, **kwargs)
           ^^^^^^^^^^^^^^^^^^^^^^^^^^^^^^^^^^^
  File "C:\Users\CHUNGA\Desktop\cardiovascular_system\env\Lib\site-packages\rest_framework\viewsets.py", line 125, in view
    return self.dispatch(request, *args, **kwargs)
           ^^^^^^^^^^^^^^^^^^^^^^^^^^^^^^^^^^^^^^^
  File "C:\Users\CHUNGA\Desktop\cardiovascular_system\env\Lib\site-packages\rest_framework\views.py", line 509, in dispatch
    response = self.handle_exception(exc)
               ^^^^^^^^^^^^^^^^^^^^^^^^^^
  File "C:\Users\CHUNGA\Desktop\cardiovascular_system\env\Lib\site-packages\rest_framework\views.py", line 469, in handle_exception
    self.raise_uncaught_exception(exc)
  File "C:\Users\CHUNGA\Desktop\cardiovascular_system\env\Lib\site-packages\rest_framework\views.py", line 480, in raise_uncaught_exception
    raise exc
  File "C:\Users\CHUNGA\Desktop\cardiovascular_system\env\Lib\site-packages\rest_framework\views.py", line 506, in dispatch
    response = handler(request, *args, **kwargs)
               ^^^^^^^^^^^^^^^^^^^^^^^^^^^^^^^^^
  File "C:\Users\CHUNGA\Desktop\cardiovascular_system\env\Lib\site-packages\rest_framework\mixins.py", line 38, in list
    queryset = self.filter_queryset(self.get_queryset())
               ^^^^^^^^^^^^^^^^^^^^^^^^^^^^^^^^^^^^^^^^^
  File "C:\Users\CHUNGA\Desktop\cardiovascular_system\env\Lib\site-packages\rest_framework\generics.py", line 150, in filter_queryset
    queryset = backend().filter_queryset(self.request, queryset, self)
               ^^^^^^^^^^^^^^^^^^^^^^^^^^^^^^^^^^^^^^^^^^^^^^^^^^^^^^^
  File "C:\Users\CHUNGA\Desktop\cardiovascular_system\env\Lib\site-packages\django_filters\rest_framework\backends.py", line 68, in filter_queryset
    filterset = self.get_filterset(request, queryset, view)
                ^^^^^^^^^^^^^^^^^^^^^^^^^^^^^^^^^^^^^^^^^^^
  File "C:\Users\CHUNGA\Desktop\cardiovascular_system\env\Lib\site-packages\django_filters\rest_framework\backends.py", line 20, in get_filterset
    filterset_class = self.get_filterset_class(view, queryset)
                      ^^^^^^^^^^^^^^^^^^^^^^^^^^^^^^^^^^^^^^^^
  File "C:\Users\CHUNGA\Desktop\cardiovascular_system\env\Lib\site-packages\django_filters\rest_framework\backends.py", line 51, in get_filterset_class
    class AutoFilterSet(self.filterset_base):
  File "C:\Users\CHUNGA\Desktop\cardiovascular_system\env\Lib\site-packages\django_filters\filterset.py", line 62, in __new__
    new_class.base_filters = new_class.get_filters()
                             ^^^^^^^^^^^^^^^^^^^^^^^
  File "C:\Users\CHUNGA\Desktop\cardiovascular_system\env\Lib\site-packages\django_filters\filterset.py", line 349, in get_filters
    raise TypeError(
TypeError: 'Meta.fields' must not contain non-model field names: medico_tratante
ERROR 2025-06-06 13:33:52,653 basehttp 7060 27688 "GET /api/patients/ HTTP/1.1" 500 131022
ERROR 2025-06-06 13:34:13,467 log 7060 28496 Internal Server Error: /api/patients/
Traceback (most recent call last):
  File "C:\Users\CHUNGA\Desktop\cardiovascular_system\env\Lib\site-packages\django\core\handlers\exception.py", line 55, in inner
    response = get_response(request)
               ^^^^^^^^^^^^^^^^^^^^^
  File "C:\Users\CHUNGA\Desktop\cardiovascular_system\env\Lib\site-packages\django\core\handlers\base.py", line 197, in _get_response
    response = wrapped_callback(request, *callback_args, **callback_kwargs)
               ^^^^^^^^^^^^^^^^^^^^^^^^^^^^^^^^^^^^^^^^^^^^^^^^^^^^^^^^^^^^
  File "C:\Users\CHUNGA\Desktop\cardiovascular_system\env\Lib\site-packages\django\views\decorators\csrf.py", line 65, in _view_wrapper
    return view_func(request, *args, **kwargs)
           ^^^^^^^^^^^^^^^^^^^^^^^^^^^^^^^^^^^
  File "C:\Users\CHUNGA\Desktop\cardiovascular_system\env\Lib\site-packages\rest_framework\viewsets.py", line 125, in view
    return self.dispatch(request, *args, **kwargs)
           ^^^^^^^^^^^^^^^^^^^^^^^^^^^^^^^^^^^^^^^
  File "C:\Users\CHUNGA\Desktop\cardiovascular_system\env\Lib\site-packages\rest_framework\views.py", line 509, in dispatch
    response = self.handle_exception(exc)
               ^^^^^^^^^^^^^^^^^^^^^^^^^^
  File "C:\Users\CHUNGA\Desktop\cardiovascular_system\env\Lib\site-packages\rest_framework\views.py", line 469, in handle_exception
    self.raise_uncaught_exception(exc)
  File "C:\Users\CHUNGA\Desktop\cardiovascular_system\env\Lib\site-packages\rest_framework\views.py", line 480, in raise_uncaught_exception
    raise exc
  File "C:\Users\CHUNGA\Desktop\cardiovascular_system\env\Lib\site-packages\rest_framework\views.py", line 506, in dispatch
    response = handler(request, *args, **kwargs)
               ^^^^^^^^^^^^^^^^^^^^^^^^^^^^^^^^^
  File "C:\Users\CHUNGA\Desktop\cardiovascular_system\env\Lib\site-packages\rest_framework\mixins.py", line 38, in list
    queryset = self.filter_queryset(self.get_queryset())
               ^^^^^^^^^^^^^^^^^^^^^^^^^^^^^^^^^^^^^^^^^
  File "C:\Users\CHUNGA\Desktop\cardiovascular_system\env\Lib\site-packages\rest_framework\generics.py", line 150, in filter_queryset
    queryset = backend().filter_queryset(self.request, queryset, self)
               ^^^^^^^^^^^^^^^^^^^^^^^^^^^^^^^^^^^^^^^^^^^^^^^^^^^^^^^
  File "C:\Users\CHUNGA\Desktop\cardiovascular_system\env\Lib\site-packages\django_filters\rest_framework\backends.py", line 68, in filter_queryset
    filterset = self.get_filterset(request, queryset, view)
                ^^^^^^^^^^^^^^^^^^^^^^^^^^^^^^^^^^^^^^^^^^^
  File "C:\Users\CHUNGA\Desktop\cardiovascular_system\env\Lib\site-packages\django_filters\rest_framework\backends.py", line 20, in get_filterset
    filterset_class = self.get_filterset_class(view, queryset)
                      ^^^^^^^^^^^^^^^^^^^^^^^^^^^^^^^^^^^^^^^^
  File "C:\Users\CHUNGA\Desktop\cardiovascular_system\env\Lib\site-packages\django_filters\rest_framework\backends.py", line 51, in get_filterset_class
    class AutoFilterSet(self.filterset_base):
  File "C:\Users\CHUNGA\Desktop\cardiovascular_system\env\Lib\site-packages\django_filters\filterset.py", line 62, in __new__
    new_class.base_filters = new_class.get_filters()
                             ^^^^^^^^^^^^^^^^^^^^^^^
  File "C:\Users\CHUNGA\Desktop\cardiovascular_system\env\Lib\site-packages\django_filters\filterset.py", line 349, in get_filters
    raise TypeError(
TypeError: 'Meta.fields' must not contain non-model field names: medico_tratante
ERROR 2025-06-06 13:34:13,469 basehttp 7060 28496 "GET /api/patients/ HTTP/1.1" 500 131022
INFO 2025-06-06 13:35:13,445 autoreload 13268 24428 Watching for file changes with StatReloader
ERROR 2025-06-06 13:35:57,473 log 13268 25816 Internal Server Error: /api/patients/
Traceback (most recent call last):
  File "C:\Users\CHUNGA\Desktop\cardiovascular_system\env\Lib\site-packages\django\core\handlers\exception.py", line 55, in inner
    response = get_response(request)
               ^^^^^^^^^^^^^^^^^^^^^
  File "C:\Users\CHUNGA\Desktop\cardiovascular_system\env\Lib\site-packages\django\core\handlers\base.py", line 197, in _get_response
    response = wrapped_callback(request, *callback_args, **callback_kwargs)
               ^^^^^^^^^^^^^^^^^^^^^^^^^^^^^^^^^^^^^^^^^^^^^^^^^^^^^^^^^^^^
  File "C:\Users\CHUNGA\Desktop\cardiovascular_system\env\Lib\site-packages\django\views\decorators\csrf.py", line 65, in _view_wrapper
    return view_func(request, *args, **kwargs)
           ^^^^^^^^^^^^^^^^^^^^^^^^^^^^^^^^^^^
  File "C:\Users\CHUNGA\Desktop\cardiovascular_system\env\Lib\site-packages\rest_framework\viewsets.py", line 125, in view
    return self.dispatch(request, *args, **kwargs)
           ^^^^^^^^^^^^^^^^^^^^^^^^^^^^^^^^^^^^^^^
  File "C:\Users\CHUNGA\Desktop\cardiovascular_system\env\Lib\site-packages\rest_framework\views.py", line 509, in dispatch
    response = self.handle_exception(exc)
               ^^^^^^^^^^^^^^^^^^^^^^^^^^
  File "C:\Users\CHUNGA\Desktop\cardiovascular_system\env\Lib\site-packages\rest_framework\views.py", line 469, in handle_exception
    self.raise_uncaught_exception(exc)
  File "C:\Users\CHUNGA\Desktop\cardiovascular_system\env\Lib\site-packages\rest_framework\views.py", line 480, in raise_uncaught_exception
    raise exc
  File "C:\Users\CHUNGA\Desktop\cardiovascular_system\env\Lib\site-packages\rest_framework\views.py", line 506, in dispatch
    response = handler(request, *args, **kwargs)
               ^^^^^^^^^^^^^^^^^^^^^^^^^^^^^^^^^
  File "C:\Users\CHUNGA\Desktop\cardiovascular_system\env\Lib\site-packages\rest_framework\mixins.py", line 38, in list
    queryset = self.filter_queryset(self.get_queryset())
               ^^^^^^^^^^^^^^^^^^^^^^^^^^^^^^^^^^^^^^^^^
  File "C:\Users\CHUNGA\Desktop\cardiovascular_system\env\Lib\site-packages\rest_framework\generics.py", line 150, in filter_queryset
    queryset = backend().filter_queryset(self.request, queryset, self)
               ^^^^^^^^^^^^^^^^^^^^^^^^^^^^^^^^^^^^^^^^^^^^^^^^^^^^^^^
  File "C:\Users\CHUNGA\Desktop\cardiovascular_system\env\Lib\site-packages\django_filters\rest_framework\backends.py", line 68, in filter_queryset
    filterset = self.get_filterset(request, queryset, view)
                ^^^^^^^^^^^^^^^^^^^^^^^^^^^^^^^^^^^^^^^^^^^
  File "C:\Users\CHUNGA\Desktop\cardiovascular_system\env\Lib\site-packages\django_filters\rest_framework\backends.py", line 20, in get_filterset
    filterset_class = self.get_filterset_class(view, queryset)
                      ^^^^^^^^^^^^^^^^^^^^^^^^^^^^^^^^^^^^^^^^
  File "C:\Users\CHUNGA\Desktop\cardiovascular_system\env\Lib\site-packages\django_filters\rest_framework\backends.py", line 51, in get_filterset_class
    class AutoFilterSet(self.filterset_base):
  File "C:\Users\CHUNGA\Desktop\cardiovascular_system\env\Lib\site-packages\django_filters\filterset.py", line 62, in __new__
    new_class.base_filters = new_class.get_filters()
                             ^^^^^^^^^^^^^^^^^^^^^^^
  File "C:\Users\CHUNGA\Desktop\cardiovascular_system\env\Lib\site-packages\django_filters\filterset.py", line 349, in get_filters
    raise TypeError(
TypeError: 'Meta.fields' must not contain non-model field names: medico_tratante
ERROR 2025-06-06 13:35:57,475 basehttp 13268 25816 "GET /api/patients/ HTTP/1.1" 500 131159
ERROR 2025-06-06 13:36:08,594 log 13268 28852 Internal Server Error: /api/patients/medical-records/
Traceback (most recent call last):
  File "C:\Users\CHUNGA\Desktop\cardiovascular_system\env\Lib\site-packages\django\core\handlers\exception.py", line 55, in inner
    response = get_response(request)
               ^^^^^^^^^^^^^^^^^^^^^
  File "C:\Users\CHUNGA\Desktop\cardiovascular_system\env\Lib\site-packages\django\core\handlers\base.py", line 197, in _get_response
    response = wrapped_callback(request, *callback_args, **callback_kwargs)
               ^^^^^^^^^^^^^^^^^^^^^^^^^^^^^^^^^^^^^^^^^^^^^^^^^^^^^^^^^^^^
  File "C:\Users\CHUNGA\Desktop\cardiovascular_system\env\Lib\site-packages\django\views\decorators\csrf.py", line 65, in _view_wrapper
    return view_func(request, *args, **kwargs)
           ^^^^^^^^^^^^^^^^^^^^^^^^^^^^^^^^^^^
  File "C:\Users\CHUNGA\Desktop\cardiovascular_system\env\Lib\site-packages\rest_framework\viewsets.py", line 125, in view
    return self.dispatch(request, *args, **kwargs)
           ^^^^^^^^^^^^^^^^^^^^^^^^^^^^^^^^^^^^^^^
  File "C:\Users\CHUNGA\Desktop\cardiovascular_system\env\Lib\site-packages\rest_framework\views.py", line 509, in dispatch
    response = self.handle_exception(exc)
               ^^^^^^^^^^^^^^^^^^^^^^^^^^
  File "C:\Users\CHUNGA\Desktop\cardiovascular_system\env\Lib\site-packages\rest_framework\views.py", line 469, in handle_exception
    self.raise_uncaught_exception(exc)
  File "C:\Users\CHUNGA\Desktop\cardiovascular_system\env\Lib\site-packages\rest_framework\views.py", line 480, in raise_uncaught_exception
    raise exc
  File "C:\Users\CHUNGA\Desktop\cardiovascular_system\env\Lib\site-packages\rest_framework\views.py", line 506, in dispatch
    response = handler(request, *args, **kwargs)
               ^^^^^^^^^^^^^^^^^^^^^^^^^^^^^^^^^
  File "C:\Users\CHUNGA\Desktop\cardiovascular_system\env\Lib\site-packages\rest_framework\mixins.py", line 54, in retrieve
    instance = self.get_object()
               ^^^^^^^^^^^^^^^^^
  File "C:\Users\CHUNGA\Desktop\cardiovascular_system\env\Lib\site-packages\rest_framework\generics.py", line 83, in get_object
    queryset = self.filter_queryset(self.get_queryset())
               ^^^^^^^^^^^^^^^^^^^^^^^^^^^^^^^^^^^^^^^^^
  File "C:\Users\CHUNGA\Desktop\cardiovascular_system\env\Lib\site-packages\rest_framework\generics.py", line 150, in filter_queryset
    queryset = backend().filter_queryset(self.request, queryset, self)
               ^^^^^^^^^^^^^^^^^^^^^^^^^^^^^^^^^^^^^^^^^^^^^^^^^^^^^^^
  File "C:\Users\CHUNGA\Desktop\cardiovascular_system\env\Lib\site-packages\django_filters\rest_framework\backends.py", line 68, in filter_queryset
    filterset = self.get_filterset(request, queryset, view)
                ^^^^^^^^^^^^^^^^^^^^^^^^^^^^^^^^^^^^^^^^^^^
  File "C:\Users\CHUNGA\Desktop\cardiovascular_system\env\Lib\site-packages\django_filters\rest_framework\backends.py", line 20, in get_filterset
    filterset_class = self.get_filterset_class(view, queryset)
                      ^^^^^^^^^^^^^^^^^^^^^^^^^^^^^^^^^^^^^^^^
  File "C:\Users\CHUNGA\Desktop\cardiovascular_system\env\Lib\site-packages\django_filters\rest_framework\backends.py", line 51, in get_filterset_class
    class AutoFilterSet(self.filterset_base):
  File "C:\Users\CHUNGA\Desktop\cardiovascular_system\env\Lib\site-packages\django_filters\filterset.py", line 62, in __new__
    new_class.base_filters = new_class.get_filters()
                             ^^^^^^^^^^^^^^^^^^^^^^^
  File "C:\Users\CHUNGA\Desktop\cardiovascular_system\env\Lib\site-packages\django_filters\filterset.py", line 349, in get_filters
    raise TypeError(
TypeError: 'Meta.fields' must not contain non-model field names: medico_tratante
ERROR 2025-06-06 13:36:08,596 basehttp 13268 28852 "GET /api/patients/medical-records/ HTTP/1.1" 500 135639
INFO 2025-06-06 13:36:17,033 basehttp 13268 27356 "GET /api/predictions/ HTTP/1.1" 200 135
ERROR 2025-06-06 13:36:24,180 log 13268 19132 Internal Server Error: /api/predictions/predictions/
Traceback (most recent call last):
  File "C:\Users\CHUNGA\Desktop\cardiovascular_system\env\Lib\site-packages\django\db\backends\utils.py", line 105, in _execute
    return self.cursor.execute(sql, params)
           ^^^^^^^^^^^^^^^^^^^^^^^^^^^^^^^^
psycopg2.errors.UndefinedTable: no existe la relacin predictions_prediction
LINE 1: SELECT COUNT(*) AS "__count" FROM "predictions_prediction"
                                          ^


The above exception was the direct cause of the following exception:

Traceback (most recent call last):
  File "C:\Users\CHUNGA\Desktop\cardiovascular_system\env\Lib\site-packages\django\core\handlers\exception.py", line 55, in inner
    response = get_response(request)
               ^^^^^^^^^^^^^^^^^^^^^
  File "C:\Users\CHUNGA\Desktop\cardiovascular_system\env\Lib\site-packages\django\core\handlers\base.py", line 197, in _get_response
    response = wrapped_callback(request, *callback_args, **callback_kwargs)
               ^^^^^^^^^^^^^^^^^^^^^^^^^^^^^^^^^^^^^^^^^^^^^^^^^^^^^^^^^^^^
  File "C:\Users\CHUNGA\Desktop\cardiovascular_system\env\Lib\site-packages\django\views\decorators\csrf.py", line 65, in _view_wrapper
    return view_func(request, *args, **kwargs)
           ^^^^^^^^^^^^^^^^^^^^^^^^^^^^^^^^^^^
  File "C:\Users\CHUNGA\Desktop\cardiovascular_system\env\Lib\site-packages\rest_framework\viewsets.py", line 125, in view
    return self.dispatch(request, *args, **kwargs)
           ^^^^^^^^^^^^^^^^^^^^^^^^^^^^^^^^^^^^^^^
  File "C:\Users\CHUNGA\Desktop\cardiovascular_system\env\Lib\site-packages\rest_framework\views.py", line 509, in dispatch
    response = self.handle_exception(exc)
               ^^^^^^^^^^^^^^^^^^^^^^^^^^
  File "C:\Users\CHUNGA\Desktop\cardiovascular_system\env\Lib\site-packages\rest_framework\views.py", line 469, in handle_exception
    self.raise_uncaught_exception(exc)
  File "C:\Users\CHUNGA\Desktop\cardiovascular_system\env\Lib\site-packages\rest_framework\views.py", line 480, in raise_uncaught_exception
    raise exc
  File "C:\Users\CHUNGA\Desktop\cardiovascular_system\env\Lib\site-packages\rest_framework\views.py", line 506, in dispatch
    response = handler(request, *args, **kwargs)
               ^^^^^^^^^^^^^^^^^^^^^^^^^^^^^^^^^
  File "C:\Users\CHUNGA\Desktop\cardiovascular_system\env\Lib\site-packages\rest_framework\mixins.py", line 40, in list
    page = self.paginate_queryset(queryset)
           ^^^^^^^^^^^^^^^^^^^^^^^^^^^^^^^^
  File "C:\Users\CHUNGA\Desktop\cardiovascular_system\env\Lib\site-packages\rest_framework\generics.py", line 171, in paginate_queryset
    return self.paginator.paginate_queryset(queryset, self.request, view=self)
           ^^^^^^^^^^^^^^^^^^^^^^^^^^^^^^^^^^^^^^^^^^^^^^^^^^^^^^^^^^^^^^^^^^^
  File "C:\Users\CHUNGA\Desktop\cardiovascular_system\env\Lib\site-packages\rest_framework\pagination.py", line 204, in paginate_queryset
    self.page = paginator.page(page_number)
                ^^^^^^^^^^^^^^^^^^^^^^^^^^^
  File "C:\Users\CHUNGA\Desktop\cardiovascular_system\env\Lib\site-packages\django\core\paginator.py", line 89, in page
    number = self.validate_number(number)
             ^^^^^^^^^^^^^^^^^^^^^^^^^^^^
  File "C:\Users\CHUNGA\Desktop\cardiovascular_system\env\Lib\site-packages\django\core\paginator.py", line 70, in validate_number
    if number > self.num_pages:
                ^^^^^^^^^^^^^^
  File "C:\Users\CHUNGA\Desktop\cardiovascular_system\env\Lib\site-packages\django\utils\functional.py", line 47, in __get__
    res = instance.__dict__[self.name] = self.func(instance)
                                         ^^^^^^^^^^^^^^^^^^^
  File "C:\Users\CHUNGA\Desktop\cardiovascular_system\env\Lib\site-packages\django\core\paginator.py", line 116, in num_pages
    if self.count == 0 and not self.allow_empty_first_page:
       ^^^^^^^^^^
  File "C:\Users\CHUNGA\Desktop\cardiovascular_system\env\Lib\site-packages\django\utils\functional.py", line 47, in __get__
    res = instance.__dict__[self.name] = self.func(instance)
                                         ^^^^^^^^^^^^^^^^^^^
  File "C:\Users\CHUNGA\Desktop\cardiovascular_system\env\Lib\site-packages\django\core\paginator.py", line 110, in count
    return c()
           ^^^
  File "C:\Users\CHUNGA\Desktop\cardiovascular_system\env\Lib\site-packages\django\db\models\query.py", line 604, in count
    return self.query.get_count(using=self.db)
           ^^^^^^^^^^^^^^^^^^^^^^^^^^^^^^^^^^^
  File "C:\Users\CHUNGA\Desktop\cardiovascular_system\env\Lib\site-packages\django\db\models\sql\query.py", line 644, in get_count
    return obj.get_aggregation(using, {"__count": Count("*")})["__count"]
           ^^^^^^^^^^^^^^^^^^^^^^^^^^^^^^^^^^^^^^^^^^^^^^^^^^^
  File "C:\Users\CHUNGA\Desktop\cardiovascular_system\env\Lib\site-packages\django\db\models\sql\query.py", line 626, in get_aggregation
    result = compiler.execute_sql(SINGLE)
             ^^^^^^^^^^^^^^^^^^^^^^^^^^^^
  File "C:\Users\CHUNGA\Desktop\cardiovascular_system\env\Lib\site-packages\django\db\models\sql\compiler.py", line 1623, in execute_sql
    cursor.execute(sql, params)
  File "C:\Users\CHUNGA\Desktop\cardiovascular_system\env\Lib\site-packages\django\db\backends\utils.py", line 122, in execute
    return super().execute(sql, params)
           ^^^^^^^^^^^^^^^^^^^^^^^^^^^^
  File "C:\Users\CHUNGA\Desktop\cardiovascular_system\env\Lib\site-packages\django\db\backends\utils.py", line 79, in execute
    return self._execute_with_wrappers(
           ^^^^^^^^^^^^^^^^^^^^^^^^^^^^
  File "C:\Users\CHUNGA\Desktop\cardiovascular_system\env\Lib\site-packages\django\db\backends\utils.py", line 92, in _execute_with_wrappers
    return executor(sql, params, many, context)
           ^^^^^^^^^^^^^^^^^^^^^^^^^^^^^^^^^^^^
  File "C:\Users\CHUNGA\Desktop\cardiovascular_system\env\Lib\site-packages\django\db\backends\utils.py", line 100, in _execute
    with self.db.wrap_database_errors:
         ^^^^^^^^^^^^^^^^^^^^^^^^^^^^
  File "C:\Users\CHUNGA\Desktop\cardiovascular_system\env\Lib\site-packages\django\db\utils.py", line 91, in __exit__
    raise dj_exc_value.with_traceback(traceback) from exc_value
  File "C:\Users\CHUNGA\Desktop\cardiovascular_system\env\Lib\site-packages\django\db\backends\utils.py", line 105, in _execute
    return self.cursor.execute(sql, params)
           ^^^^^^^^^^^^^^^^^^^^^^^^^^^^^^^^
django.db.utils.ProgrammingError: no existe la relacin predictions_prediction
LINE 1: SELECT COUNT(*) AS "__count" FROM "predictions_prediction"
                                          ^

ERROR 2025-06-06 13:36:24,182 basehttp 13268 19132 "GET /api/predictions/predictions/ HTTP/1.1" 500 192363
INFO 2025-06-06 13:37:15,376 autoreload 29596 7640 Watching for file changes with StatReloader
INFO 2025-06-06 13:37:19,067 basehttp 13268 23936 "GET /api/predictions/predictions/ HTTP/1.1" 200 52
INFO 2025-06-06 13:37:28,267 basehttp 13268 22456 "GET /api/predictions/performance/ HTTP/1.1" 200 52
INFO 2025-06-06 13:37:57,404 autoreload 29596 7640 C:\Users\CHUNGA\Desktop\cardiovascular_system\apps\predictions\services.py changed, reloading.
INFO 2025-06-06 13:37:57,890 autoreload 13268 24428 C:\Users\CHUNGA\Desktop\cardiovascular_system\apps\predictions\services.py changed, reloading.
INFO 2025-06-06 13:37:58,093 autoreload 13408 27048 Watching for file changes with StatReloader
INFO 2025-06-06 13:37:58,547 autoreload 29568 26564 Watching for file changes with StatReloader
INFO 2025-06-06 13:38:04,617 autoreload 26100 14832 Watching for file changes with StatReloader
INFO 2025-06-06 13:38:15,644 basehttp 29568 30392 "GET /api/predictions/predictions/ HTTP/1.1" 200 52
INFO 2025-06-06 13:38:37,510 autoreload 29568 26564 C:\Users\CHUNGA\Desktop\cardiovascular_system\apps\predictions\views.py changed, reloading.
INFO 2025-06-06 13:38:38,164 autoreload 30184 21300 Watching for file changes with StatReloader
INFO 2025-06-06 13:38:42,879 autoreload 30184 21300 C:\Users\CHUNGA\Desktop\cardiovascular_system\apps\predictions\views.py changed, reloading.
INFO 2025-06-06 13:38:43,550 autoreload 27152 5104 Watching for file changes with StatReloader
INFO 2025-06-06 13:38:51,059 autoreload 29188 29596 Watching for file changes with StatReloader
INFO 2025-06-06 13:39:01,693 basehttp 29188 2900 "GET /api/predictions/predictions/ HTTP/1.1" 200 52
INFO 2025-06-06 13:39:11,331 basehttp 29188 18852 "GET /api/predictions/predictions/ HTTP/1.1" 200 52
WARNING 2025-06-06 13:39:21,958 log 29188 15256 Unauthorized: /api/analytics/
WARNING 2025-06-06 13:39:21,958 basehttp 29188 15256 "GET /api/analytics/ HTTP/1.1" 401 203
INFO 2025-06-06 13:39:33,973 basehttp 29188 28208 "GET /api/analytics/ HTTP/1.1" 200 2
INFO 2025-06-06 13:39:42,777 basehttp 29188 27768 "GET /api/analytics/ HTTP/1.1" 200 2
INFO 2025-06-06 13:40:02,597 basehttp 29188 24884 "GET /api/integration/ HTTP/1.1" 200 2
INFO 2025-06-06 13:40:16,829 basehttp 29188 14320 "GET /api/predictions/predictions/ HTTP/1.1" 200 52
INFO 2025-06-06 13:40:35,574 basehttp 29188 29340 "GET /api/predictions/predictions/ HTTP/1.1" 200 52
INFO 2025-06-06 13:40:45,933 basehttp 29188 22916 "GET /api/predictions/predictions/ HTTP/1.1" 200 52
INFO 2025-06-06 13:41:02,647 basehttp 29188 11380 "GET /api/analytics/ HTTP/1.1" 200 2
INFO 2025-06-06 13:41:29,434 basehttp 29188 27768 "GET /api/integration/ HTTP/1.1" 200 2
INFO 2025-06-06 13:41:41,020 basehttp 29188 4832 "GET /api/predictions/predictions/ HTTP/1.1" 200 52
INFO 2025-06-06 13:41:51,200 basehttp 29188 14308 "GET /api/predictions/performance/ HTTP/1.1" 200 52
INFO 2025-06-06 13:43:29,318 basehttp 29188 5296 "GET /admin/medical_data/medicaldata/add/ HTTP/1.1" 200 19429
INFO 2025-06-06 13:43:29,333 basehttp 29188 5296 "GET /static/admin/css/base.css HTTP/1.1" 304 0
INFO 2025-06-06 13:43:29,334 basehttp 29188 23932 "GET /static/admin/css/dark_mode.css HTTP/1.1" 304 0
INFO 2025-06-06 13:43:29,335 basehttp 29188 5296 "GET /static/admin/js/core.js HTTP/1.1" 304 0
INFO 2025-06-06 13:43:29,336 basehttp 29188 19452 "GET /static/admin/css/forms.css HTTP/1.1" 304 0
INFO 2025-06-06 13:43:29,338 basehttp 29188 23932 "GET /static/admin/js/theme.js HTTP/1.1" 304 0
INFO 2025-06-06 13:43:29,338 basehttp 29188 29092 "GET /static/admin/js/nav_sidebar.js HTTP/1.1" 304 0
INFO 2025-06-06 13:43:29,339 basehttp 29188 19452 "GET /static/admin/js/jquery.init.js HTTP/1.1" 304 0
INFO 2025-06-06 13:43:29,340 basehttp 29188 5296 "GET /static/admin/js/vendor/jquery/jquery.js HTTP/1.1" 304 0
INFO 2025-06-06 13:43:29,341 basehttp 29188 14124 "GET /static/admin/css/nav_sidebar.css HTTP/1.1" 304 0
INFO 2025-06-06 13:43:29,342 basehttp 29188 23932 "GET /static/admin/js/admin/RelatedObjectLookups.js HTTP/1.1" 304 0
INFO 2025-06-06 13:43:29,343 basehttp 29188 29092 "GET /static/admin/js/actions.js HTTP/1.1" 304 0
INFO 2025-06-06 13:43:29,343 basehttp 29188 19452 "GET /static/admin/js/urlify.js HTTP/1.1" 304 0
INFO 2025-06-06 13:43:29,344 basehttp 29188 14124 "GET /static/admin/js/vendor/xregexp/xregexp.js HTTP/1.1" 304 0
INFO 2025-06-06 13:43:29,345 basehttp 29188 5296 "GET /static/admin/js/prepopulate.js HTTP/1.1" 304 0
INFO 2025-06-06 13:43:29,345 basehttp 29188 23932 "GET /static/admin/css/responsive.css HTTP/1.1" 304 0
INFO 2025-06-06 13:43:29,345 basehttp 29188 19452 "GET /static/admin/js/prepopulate_init.js HTTP/1.1" 304 0
INFO 2025-06-06 13:43:29,346 basehttp 29188 29092 "GET /static/admin/js/change_form.js HTTP/1.1" 304 0
INFO 2025-06-06 13:43:29,346 basehttp 29188 14124 "GET /static/admin/css/widgets.css HTTP/1.1" 304 0
INFO 2025-06-06 13:43:29,371 basehttp 29188 1484 "GET /admin/jsi18n/ HTTP/1.1" 200 8691
INFO 2025-06-06 13:43:29,382 basehttp 29188 1484 "GET /static/admin/img/icon-addlink.svg HTTP/1.1" 304 0
INFO 2025-06-06 13:43:30,124 basehttp 29188 5296 "GET /admin/medical_data/medicaldata/add/ HTTP/1.1" 200 19429
INFO 2025-06-06 13:43:30,171 basehttp 29188 1484 "GET /admin/jsi18n/ HTTP/1.1" 200 8691
INFO 2025-06-06 13:43:30,495 basehttp 29188 5296 "GET /admin/medical_data/medicaldata/add/ HTTP/1.1" 200 19429
INFO 2025-06-06 13:43:30,648 basehttp 29188 1484 - Broken pipe from ('127.0.0.1', 63761)
INFO 2025-06-06 13:43:32,452 basehttp 29188 5296 "GET /admin/medical_data/medicaldata/add/ HTTP/1.1" 200 19429
INFO 2025-06-06 13:43:32,496 basehttp 29188 23932 "GET /admin/jsi18n/ HTTP/1.1" 200 8691
INFO 2025-06-06 13:43:40,740 basehttp 29188 5296 "GET /admin/ HTTP/1.1" 200 6780
INFO 2025-06-06 13:43:40,754 basehttp 29188 23932 "GET /static/admin/css/dashboard.css HTTP/1.1" 304 0
INFO 2025-06-06 13:43:40,758 basehttp 29188 23932 "GET /static/admin/img/icon-changelink.svg HTTP/1.1" 304 0
INFO 2025-06-06 13:44:31,089 basehttp 29188 5296 "GET /admin/ HTTP/1.1" 200 6780
INFO 2025-06-06 13:44:32,505 basehttp 29188 5296 "GET /admin/ HTTP/1.1" 200 6780
INFO 2025-06-06 13:44:33,083 basehttp 29188 5296 "GET /admin/ HTTP/1.1" 200 6780
INFO 2025-06-06 13:44:33,301 basehttp 29188 5296 "GET /admin/ HTTP/1.1" 200 6780
INFO 2025-06-06 13:44:33,596 basehttp 29188 5296 "GET /admin/ HTTP/1.1" 200 6780
INFO 2025-06-06 13:44:33,855 basehttp 29188 5296 "GET /admin/ HTTP/1.1" 200 6780
INFO 2025-06-06 13:44:34,130 basehttp 29188 5296 "GET /admin/ HTTP/1.1" 200 6780
INFO 2025-06-06 13:44:34,532 basehttp 29188 5296 "GET /admin/ HTTP/1.1" 200 6780
INFO 2025-06-06 13:44:34,713 basehttp 29188 5296 "GET /admin/ HTTP/1.1" 200 6780
INFO 2025-06-06 13:44:34,886 basehttp 29188 5296 "GET /admin/ HTTP/1.1" 200 6780
INFO 2025-06-06 13:44:35,058 basehttp 29188 5296 "GET /admin/ HTTP/1.1" 200 6780
INFO 2025-06-06 13:44:35,230 basehttp 29188 5296 "GET /admin/ HTTP/1.1" 200 6780
INFO 2025-06-06 13:45:00,864 basehttp 29188 5296 "GET /admin/ HTTP/1.1" 200 6780
INFO 2025-06-06 13:45:02,009 basehttp 29188 5296 "GET /admin/medical_data/medicaldata/ HTTP/1.1" 200 10164
INFO 2025-06-06 13:45:02,020 basehttp 29188 23932 "GET /static/admin/css/changelists.css HTTP/1.1" 304 0
INFO 2025-06-06 13:45:02,022 basehttp 29188 23932 "GET /static/admin/js/filters.js HTTP/1.1" 304 0
INFO 2025-06-06 13:45:02,053 basehttp 29188 19452 "GET /admin/jsi18n/ HTTP/1.1" 200 8691
INFO 2025-06-06 13:45:02,054 basehttp 29188 23932 "GET /static/admin/img/search.svg HTTP/1.1" 304 0
INFO 2025-06-06 13:45:02,064 basehttp 29188 19452 "GET /static/admin/img/tooltag-add.svg HTTP/1.1" 304 0
INFO 2025-06-06 13:45:02,064 basehttp 29188 23932 "GET /static/admin/img/icon-viewlink.svg HTTP/1.1" 304 0
INFO 2025-06-06 13:45:06,251 basehttp 29188 5296 "GET /admin/ HTTP/1.1" 200 6780
INFO 2025-06-06 13:46:29,405 basehttp 29188 5296 "GET /admin/ HTTP/1.1" 200 6780
INFO 2025-06-06 13:46:30,116 basehttp 29188 5296 "GET /admin/ HTTP/1.1" 200 6780
INFO 2025-06-06 13:46:30,716 basehttp 29188 5296 "GET /admin/auth/group/ HTTP/1.1" 200 8409
INFO 2025-06-06 13:46:30,877 basehttp 29188 19452 "GET /admin/jsi18n/ HTTP/1.1" 200 8691
INFO 2025-06-06 13:46:33,020 basehttp 29188 5296 "GET /admin/ HTTP/1.1" 200 6780
INFO 2025-06-06 13:46:34,428 basehttp 29188 5296 "GET /admin/medical_data/medicaldata/add/ HTTP/1.1" 200 19429
INFO 2025-06-06 13:46:34,586 basehttp 29188 23932 "GET /admin/jsi18n/ HTTP/1.1" 200 8691
INFO 2025-06-06 13:46:39,452 basehttp 29188 5296 "GET /admin/auth/group/ HTTP/1.1" 200 8409
INFO 2025-06-06 13:46:39,496 basehttp 29188 19452 "GET /admin/jsi18n/ HTTP/1.1" 200 8691
INFO 2025-06-06 13:46:40,072 basehttp 29188 5296 "GET /admin/ HTTP/1.1" 200 6780
INFO 2025-06-06 13:46:41,273 basehttp 29188 5296 "POST /admin/logout/ HTTP/1.1" 200 3622
INFO 2025-06-06 13:46:42,817 basehttp 29188 5296 "GET /admin/ HTTP/1.1" 302 0
INFO 2025-06-06 13:46:42,824 basehttp 29188 5296 "GET /admin/login/?next=/admin/ HTTP/1.1" 200 4226
INFO 2025-06-06 13:46:42,834 basehttp 29188 23932 "GET /static/admin/css/login.css HTTP/1.1" 304 0
INFO 2025-06-06 13:46:44,130 basehttp 29188 5296 "POST /admin/login/?next=/admin/ HTTP/1.1" 302 0
INFO 2025-06-06 13:46:44,266 basehttp 29188 5296 "GET /admin/ HTTP/1.1" 200 6780
INFO 2025-06-06 13:47:35,170 autoreload 27492 9180 Watching for file changes with StatReloader
INFO 2025-06-06 13:47:41,482 basehttp 27492 28116 "GET /admin/ HTTP/1.1" 200 8529
INFO 2025-06-06 16:33:05,589 autoreload 26324 34536 Watching for file changes with StatReloader
INFO 2025-06-06 16:33:10,470 basehttp 26324 30552 "GET /admin/ HTTP/1.1" 200 8529
INFO 2025-06-06 16:33:10,516 basehttp 26324 30552 "GET /static/admin/css/base.css HTTP/1.1" 304 0
INFO 2025-06-06 16:33:10,518 basehttp 26324 30552 "GET /static/admin/css/responsive.css HTTP/1.1" 304 0
INFO 2025-06-06 16:33:10,519 basehttp 26324 9780 "GET /static/admin/js/theme.js HTTP/1.1" 304 0
INFO 2025-06-06 16:33:10,519 basehttp 26324 34804 "GET /static/admin/css/nav_sidebar.css HTTP/1.1" 304 0
INFO 2025-06-06 16:33:10,520 basehttp 26324 30552 "GET /static/admin/js/nav_sidebar.js HTTP/1.1" 304 0
INFO 2025-06-06 16:33:10,595 basehttp 26324 24252 "GET /static/admin/css/dashboard.css HTTP/1.1" 200 441
INFO 2025-06-06 16:33:10,598 basehttp 26324 19804 "GET /static/admin/css/dark_mode.css HTTP/1.1" 200 2808
INFO 2025-06-06 16:33:10,626 basehttp 26324 24252 "GET /static/admin/img/icon-addlink.svg HTTP/1.1" 200 331
INFO 2025-06-06 16:33:10,626 basehttp 26324 34804 "GET /static/admin/img/icon-changelink.svg HTTP/1.1" 200 380
WARNING 2025-06-06 16:33:10,693 log 26324 19804 Not Found: /favicon.ico
INFO 2025-06-06 16:33:10,693 basehttp 26324 19804 - Broken pipe from ('127.0.0.1', 64310)
INFO 2025-06-06 16:33:11,365 basehttp 26324 30552 "GET /admin/ HTTP/1.1" 200 8529
INFO 2025-06-06 16:33:12,424 basehttp 26324 30552 "GET /admin/patients/patient/ HTTP/1.1" 200 9465
INFO 2025-06-06 16:33:12,446 basehttp 26324 24252 "GET /static/admin/css/changelists.css HTTP/1.1" 304 0
INFO 2025-06-06 16:33:12,449 basehttp 26324 9780 "GET /static/admin/js/vendor/jquery/jquery.js HTTP/1.1" 304 0
INFO 2025-06-06 16:33:12,451 basehttp 26324 19476 "GET /static/admin/js/core.js HTTP/1.1" 304 0
INFO 2025-06-06 16:33:12,451 basehttp 26324 9780 "GET /static/admin/js/admin/RelatedObjectLookups.js HTTP/1.1" 304 0
INFO 2025-06-06 16:33:12,452 basehttp 26324 19476 "GET /static/admin/js/prepopulate.js HTTP/1.1" 304 0
INFO 2025-06-06 16:33:12,453 basehttp 26324 32880 "GET /static/admin/js/actions.js HTTP/1.1" 304 0
INFO 2025-06-06 16:33:12,453 basehttp 26324 9780 "GET /static/admin/js/urlify.js HTTP/1.1" 304 0
INFO 2025-06-06 16:33:12,453 basehttp 26324 19476 "GET /static/admin/js/vendor/xregexp/xregexp.js HTTP/1.1" 304 0
INFO 2025-06-06 16:33:12,462 basehttp 26324 34804 "GET /static/admin/js/jquery.init.js HTTP/1.1" 200 347
INFO 2025-06-06 16:33:12,464 basehttp 26324 30552 "GET /static/admin/js/filters.js HTTP/1.1" 200 978
INFO 2025-06-06 16:33:12,509 basehttp 26324 24252 "GET /admin/jsi18n/ HTTP/1.1" 200 8691
INFO 2025-06-06 16:33:12,543 basehttp 26324 24252 "GET /static/admin/img/tooltag-add.svg HTTP/1.1" 200 331
INFO 2025-06-06 16:33:14,090 basehttp 26324 30552 "GET /admin/patients/patient/add/ HTTP/1.1" 200 19551
INFO 2025-06-06 16:33:14,120 basehttp 26324 32880 "GET /static/admin/js/change_form.js HTTP/1.1" 304 0
INFO 2025-06-06 16:33:14,120 basehttp 26324 9780 "GET /static/admin/js/prepopulate_init.js HTTP/1.1" 304 0
INFO 2025-06-06 16:33:14,125 basehttp 26324 34804 "GET /static/admin/css/forms.css HTTP/1.1" 200 8525
INFO 2025-06-06 16:33:14,129 basehttp 26324 34804 "GET /static/admin/css/widgets.css HTTP/1.1" 304 0
INFO 2025-06-06 16:33:14,146 basehttp 26324 24252 "GET /admin/jsi18n/ HTTP/1.1" 200 8691
INFO 2025-06-06 16:34:08,019 basehttp 26324 30552 "POST /admin/patients/patient/add/ HTTP/1.1" 200 19993
INFO 2025-06-06 16:34:08,071 basehttp 26324 24252 "GET /admin/jsi18n/ HTTP/1.1" 200 8691
INFO 2025-06-06 16:34:15,890 basehttp 26324 30552 "POST /admin/patients/patient/add/ HTTP/1.1" 302 0
INFO 2025-06-06 16:34:15,953 basehttp 26324 30552 "GET /admin/patients/patient/ HTTP/1.1" 200 11182
INFO 2025-06-06 16:34:16,007 basehttp 26324 24252 "GET /admin/jsi18n/ HTTP/1.1" 200 8691
INFO 2025-06-06 16:34:16,027 basehttp 26324 24252 "GET /static/admin/img/icon-yes.svg HTTP/1.1" 200 436
INFO 2025-06-06 16:34:18,012 basehttp 26324 30552 "GET /admin/patients/medicalrecord/ HTTP/1.1" 200 9512
INFO 2025-06-06 16:34:18,066 basehttp 26324 24252 "GET /admin/jsi18n/ HTTP/1.1" 200 8691
INFO 2025-06-06 16:34:19,643 basehttp 26324 30552 "GET /admin/patients/medicalrecord/add/ HTTP/1.1" 200 27841
INFO 2025-06-06 16:34:19,682 basehttp 26324 34804 "GET /static/admin/js/calendar.js HTTP/1.1" 200 9141
INFO 2025-06-06 16:34:19,684 basehttp 26324 19476 "GET /static/admin/js/admin/DateTimeShortcuts.js HTTP/1.1" 200 19319
INFO 2025-06-06 16:34:19,694 basehttp 26324 24252 "GET /admin/jsi18n/ HTTP/1.1" 200 8691
INFO 2025-06-06 16:34:19,712 basehttp 26324 19476 "GET /static/admin/img/icon-viewlink.svg HTTP/1.1" 200 581
INFO 2025-06-06 16:34:19,737 basehttp 26324 19476 "GET /static/admin/img/icon-calendar.svg HTTP/1.1" 200 1086
INFO 2025-06-06 16:34:19,737 basehttp 26324 34804 "GET /static/admin/img/icon-clock.svg HTTP/1.1" 200 677
INFO 2025-06-06 16:35:24,018 basehttp 26324 30552 "POST /admin/patients/medicalrecord/add/ HTTP/1.1" 200 28218
INFO 2025-06-06 16:35:24,071 basehttp 26324 19476 "GET /admin/jsi18n/ HTTP/1.1" 200 8691
INFO 2025-06-06 16:35:32,287 basehttp 26324 30552 "POST /admin/patients/medicalrecord/add/ HTTP/1.1" 302 0
INFO 2025-06-06 16:35:32,333 basehttp 26324 30552 "GET /admin/patients/medicalrecord/ HTTP/1.1" 200 11328
INFO 2025-06-06 16:35:32,386 basehttp 26324 19476 "GET /admin/jsi18n/ HTTP/1.1" 200 8691
INFO 2025-06-06 16:35:35,131 basehttp 26324 30552 "GET /admin/patients/medicalrecord/1a74d8c0-974f-4738-b9e7-103f826b9471/change/ HTTP/1.1" 200 28395
INFO 2025-06-06 16:35:35,286 basehttp 26324 19476 "GET /admin/jsi18n/ HTTP/1.1" 200 8691
INFO 2025-06-06 16:35:40,195 basehttp 26324 30552 "GET /admin/medical_data/medicaldata/ HTTP/1.1" 200 11541
INFO 2025-06-06 16:35:40,241 basehttp 26324 19476 "GET /admin/jsi18n/ HTTP/1.1" 200 8691
INFO 2025-06-06 16:35:40,249 basehttp 26324 34804 "GET /static/admin/img/search.svg HTTP/1.1" 200 458
INFO 2025-06-06 16:35:41,931 basehttp 26324 30552 "GET /admin/medical_data/medicaldata/add/ HTTP/1.1" 200 21823
INFO 2025-06-06 16:35:42,096 basehttp 26324 19476 "GET /admin/jsi18n/ HTTP/1.1" 200 8691
INFO 2025-06-06 16:36:06,627 basehttp 26324 30552 "POST /admin/medical_data/medicaldata/add/ HTTP/1.1" 302 0
INFO 2025-06-06 16:36:06,671 basehttp 26324 30552 "GET /admin/medical_data/medicaldata/ HTTP/1.1" 200 14262
INFO 2025-06-06 16:36:06,825 basehttp 26324 19476 "GET /admin/jsi18n/ HTTP/1.1" 200 8691
INFO 2025-06-06 16:36:06,848 basehttp 26324 19476 "GET /static/admin/img/sorting-icons.svg HTTP/1.1" 200 1097
INFO 2025-06-06 16:36:08,784 basehttp 26324 30552 "GET /admin/medical_data/medicaldata/1/change/ HTTP/1.1" 200 22345
INFO 2025-06-06 16:36:08,938 basehttp 26324 19476 "GET /admin/jsi18n/ HTTP/1.1" 200 8691
INFO 2025-06-06 16:36:23,555 basehttp 26324 30552 "GET /admin/patients/patient/889e7284-ae36-4a7b-99d5-54dc8d81a021/change/?_to_field=id&_popup=1 HTTP/1.1" 200 13935
INFO 2025-06-06 16:36:23,608 basehttp 26324 19476 "GET /admin/jsi18n/ HTTP/1.1" 200 8691
INFO 2025-06-06 16:36:35,388 basehttp 26324 30552 "GET /admin/patients/patient/889e7284-ae36-4a7b-99d5-54dc8d81a021/change/?_to_field=id&_popup=1 HTTP/1.1" 200 13935
INFO 2025-06-06 16:36:35,443 basehttp 26324 19476 "GET /admin/jsi18n/ HTTP/1.1" 200 8691
INFO 2025-06-06 16:36:37,504 basehttp 26324 30552 "POST /admin/patients/patient/889e7284-ae36-4a7b-99d5-54dc8d81a021/change/?_to_field=id&_popup=1 HTTP/1.1" 200 514
INFO 2025-06-06 16:36:37,527 basehttp 26324 19476 "GET /static/admin/js/popup_response.js HTTP/1.1" 200 532
INFO 2025-06-06 16:36:38,676 basehttp 26324 30552 "GET /admin/patients/patient/889e7284-ae36-4a7b-99d5-54dc8d81a021/change/?_to_field=id HTTP/1.1" 200 20130
INFO 2025-06-06 16:36:38,727 basehttp 26324 19476 "GET /admin/jsi18n/ HTTP/1.1" 200 8691
INFO 2025-06-06 16:36:47,423 basehttp 26324 30552 "GET /admin/auth/group/ HTTP/1.1" 200 9786
INFO 2025-06-06 16:36:47,479 basehttp 26324 19476 "GET /admin/jsi18n/ HTTP/1.1" 200 8691
INFO 2025-06-06 16:36:48,100 basehttp 26324 30552 "GET /admin/medical_data/ HTTP/1.1" 200 5669
INFO 2025-06-06 16:36:50,179 basehttp 26324 30552 "GET /admin/medical_data/medicaldata/ HTTP/1.1" 200 13984
INFO 2025-06-06 16:36:50,235 basehttp 26324 19476 "GET /admin/jsi18n/ HTTP/1.1" 200 8691
INFO 2025-06-06 16:36:51,327 basehttp 26324 30552 "GET /admin/patients/medicalrecord/ HTTP/1.1" 200 11026
INFO 2025-06-06 16:36:51,372 basehttp 26324 19476 "GET /admin/jsi18n/ HTTP/1.1" 200 8691
INFO 2025-06-06 16:36:52,554 basehttp 26324 30552 "GET /admin/patients/medicalrecord/1a74d8c0-974f-4738-b9e7-103f826b9471/change/ HTTP/1.1" 200 28395
INFO 2025-06-06 16:36:52,600 basehttp 26324 19476 "GET /admin/jsi18n/ HTTP/1.1" 200 8691
INFO 2025-06-06 16:36:55,943 basehttp 26324 30552 "GET /admin/patients/patient/ HTTP/1.1" 200 10915
INFO 2025-06-06 16:36:55,996 basehttp 26324 19476 "GET /admin/jsi18n/ HTTP/1.1" 200 8691
